{"/Users/chakkaravarthi/Dev/UMG/umg_lib/lib/FAIcon/FAIcon.js": {"path":"/Users/chakkaravarthi/Dev/UMG/umg_lib/lib/FAIcon/FAIcon.js","statementMap":{"0":{"start":{"line":2,"column":22},"end":{"line":4,"column":1}},"1":{"start":{"line":3,"column":4},"end":{"line":3,"column":62}},"2":{"start":{"line":5,"column":0},"end":{"line":5,"column":26}},"3":{"start":{"line":6,"column":14},"end":{"line":6,"column":47}},"4":{"start":{"line":7,"column":26},"end":{"line":7,"column":67}},"5":{"start":{"line":8,"column":13},"end":{"line":11,"column":1}},"6":{"start":{"line":9,"column":16},"end":{"line":9,"column":27}},"7":{"start":{"line":9,"column":41},"end":{"line":9,"column":56}},"8":{"start":{"line":9,"column":69},"end":{"line":9,"column":83}},"9":{"start":{"line":9,"column":96},"end":{"line":9,"column":110}},"10":{"start":{"line":10,"column":4},"end":{"line":10,"column":155}},"11":{"start":{"line":12,"column":0},"end":{"line":15,"column":2}},"12":{"start":{"line":16,"column":0},"end":{"line":16,"column":28}}},"fnMap":{"0":{"name":"(anonymous_0)","decl":{"start":{"line":2,"column":56},"end":{"line":2,"column":57}},"loc":{"start":{"line":2,"column":71},"end":{"line":4,"column":1}},"line":2},"1":{"name":"(anonymous_1)","decl":{"start":{"line":8,"column":13},"end":{"line":8,"column":14}},"loc":{"start":{"line":8,"column":30},"end":{"line":11,"column":1}},"line":8}},"branchMap":{"0":{"loc":{"start":{"line":2,"column":22},"end":{"line":4,"column":1}},"type":"binary-expr","locations":[{"start":{"line":2,"column":23},"end":{"line":2,"column":27}},{"start":{"line":2,"column":31},"end":{"line":2,"column":51}},{"start":{"line":2,"column":56},"end":{"line":4,"column":1}}],"line":2},"1":{"loc":{"start":{"line":3,"column":11},"end":{"line":3,"column":61}},"type":"cond-expr","locations":[{"start":{"line":3,"column":37},"end":{"line":3,"column":40}},{"start":{"line":3,"column":43},"end":{"line":3,"column":61}}],"line":3},"2":{"loc":{"start":{"line":3,"column":12},"end":{"line":3,"column":33}},"type":"binary-expr","locations":[{"start":{"line":3,"column":12},"end":{"line":3,"column":15}},{"start":{"line":3,"column":19},"end":{"line":3,"column":33}}],"line":3}},"s":{"0":1,"1":1,"2":1,"3":1,"4":1,"5":1,"6":1,"7":1,"8":1,"9":1,"10":1,"11":1,"12":1},"f":{"0":1,"1":1},"b":{"0":[1,1,1],"1":[0,1],"2":[1,1]},"_coverageSchema":"43e27e138ebf9cfc5966b082cf9a028302ed4184","hash":"8e1a45c4034f3e182ecf43b6018941eaeed21add"}
,"/Users/chakkaravarthi/Dev/UMG/umg_lib/lib/alphabeticalLine/alphabeticalLine.js": {"path":"/Users/chakkaravarthi/Dev/UMG/umg_lib/lib/alphabeticalLine/alphabeticalLine.js","statementMap":{"0":{"start":{"line":2,"column":22},"end":{"line":4,"column":1}},"1":{"start":{"line":3,"column":4},"end":{"line":3,"column":62}},"2":{"start":{"line":5,"column":0},"end":{"line":5,"column":26}},"3":{"start":{"line":6,"column":14},"end":{"line":6,"column":47}},"4":{"start":{"line":7,"column":15},"end":{"line":7,"column":65}},"5":{"start":{"line":8,"column":0},"end":{"line":8,"column":46}},"6":{"start":{"line":9,"column":0},"end":{"line":11,"column":2}},"7":{"start":{"line":10,"column":4},"end":{"line":10,"column":261}}},"fnMap":{"0":{"name":"(anonymous_0)","decl":{"start":{"line":2,"column":56},"end":{"line":2,"column":57}},"loc":{"start":{"line":2,"column":71},"end":{"line":4,"column":1}},"line":2},"1":{"name":"(anonymous_1)","decl":{"start":{"line":9,"column":27},"end":{"line":9,"column":28}},"loc":{"start":{"line":9,"column":44},"end":{"line":11,"column":1}},"line":9}},"branchMap":{"0":{"loc":{"start":{"line":2,"column":22},"end":{"line":4,"column":1}},"type":"binary-expr","locations":[{"start":{"line":2,"column":23},"end":{"line":2,"column":27}},{"start":{"line":2,"column":31},"end":{"line":2,"column":51}},{"start":{"line":2,"column":56},"end":{"line":4,"column":1}}],"line":2},"1":{"loc":{"start":{"line":3,"column":11},"end":{"line":3,"column":61}},"type":"cond-expr","locations":[{"start":{"line":3,"column":37},"end":{"line":3,"column":40}},{"start":{"line":3,"column":43},"end":{"line":3,"column":61}}],"line":3},"2":{"loc":{"start":{"line":3,"column":12},"end":{"line":3,"column":33}},"type":"binary-expr","locations":[{"start":{"line":3,"column":12},"end":{"line":3,"column":15}},{"start":{"line":3,"column":19},"end":{"line":3,"column":33}}],"line":3},"3":{"loc":{"start":{"line":10,"column":208},"end":{"line":10,"column":241}},"type":"cond-expr","locations":[{"start":{"line":10,"column":225},"end":{"line":10,"column":236}},{"start":{"line":10,"column":239},"end":{"line":10,"column":241}}],"line":10}},"s":{"0":1,"1":2,"2":1,"3":1,"4":1,"5":1,"6":1,"7":1},"f":{"0":2,"1":1},"b":{"0":[1,1,1],"1":[0,2],"2":[2,2],"3":[0,1]},"_coverageSchema":"43e27e138ebf9cfc5966b082cf9a028302ed4184","hash":"b9fb3128bf2d9bd609367fd7c6c4a3a625360ebc"}
,"/Users/chakkaravarthi/Dev/UMG/umg_lib/lib/assets/images/index.js": {"path":"/Users/chakkaravarthi/Dev/UMG/umg_lib/lib/assets/images/index.js","statementMap":{"0":{"start":{"line":2,"column":0},"end":{"line":2,"column":26}},"1":{"start":{"line":3,"column":0},"end":{"line":45,"column":2}}},"fnMap":{},"branchMap":{},"s":{"0":8,"1":8},"f":{},"b":{},"_coverageSchema":"43e27e138ebf9cfc5966b082cf9a028302ed4184","hash":"a6a43ecb39c4ff2b34cef9d381e8463fe36260cd"}
,"/Users/chakkaravarthi/Dev/UMG/umg_lib/lib/cards/appreciationCard.js": {"path":"/Users/chakkaravarthi/Dev/UMG/umg_lib/lib/cards/appreciationCard.js","statementMap":{"0":{"start":{"line":2,"column":22},"end":{"line":4,"column":1}},"1":{"start":{"line":3,"column":4},"end":{"line":3,"column":62}},"2":{"start":{"line":5,"column":0},"end":{"line":5,"column":26}},"3":{"start":{"line":6,"column":14},"end":{"line":6,"column":47}},"4":{"start":{"line":7,"column":0},"end":{"line":7,"column":49}},"5":{"start":{"line":8,"column":18},"end":{"line":8,"column":71}},"6":{"start":{"line":9,"column":0},"end":{"line":27,"column":2}},"7":{"start":{"line":10,"column":16},"end":{"line":10,"column":27}},"8":{"start":{"line":10,"column":39},"end":{"line":10,"column":52}},"9":{"start":{"line":10,"column":66},"end":{"line":10,"column":81}},"10":{"start":{"line":10,"column":96},"end":{"line":10,"column":112}},"11":{"start":{"line":10,"column":129},"end":{"line":10,"column":147}},"12":{"start":{"line":10,"column":168},"end":{"line":10,"column":190}},"13":{"start":{"line":11,"column":4},"end":{"line":26,"column":92}}},"fnMap":{"0":{"name":"(anonymous_0)","decl":{"start":{"line":2,"column":56},"end":{"line":2,"column":57}},"loc":{"start":{"line":2,"column":71},"end":{"line":4,"column":1}},"line":2},"1":{"name":"(anonymous_1)","decl":{"start":{"line":9,"column":27},"end":{"line":9,"column":28}},"loc":{"start":{"line":9,"column":44},"end":{"line":27,"column":1}},"line":9}},"branchMap":{"0":{"loc":{"start":{"line":2,"column":22},"end":{"line":4,"column":1}},"type":"binary-expr","locations":[{"start":{"line":2,"column":23},"end":{"line":2,"column":27}},{"start":{"line":2,"column":31},"end":{"line":2,"column":51}},{"start":{"line":2,"column":56},"end":{"line":4,"column":1}}],"line":2},"1":{"loc":{"start":{"line":3,"column":11},"end":{"line":3,"column":61}},"type":"cond-expr","locations":[{"start":{"line":3,"column":37},"end":{"line":3,"column":40}},{"start":{"line":3,"column":43},"end":{"line":3,"column":61}}],"line":3},"2":{"loc":{"start":{"line":3,"column":12},"end":{"line":3,"column":33}},"type":"binary-expr","locations":[{"start":{"line":3,"column":12},"end":{"line":3,"column":15}},{"start":{"line":3,"column":19},"end":{"line":3,"column":33}}],"line":3}},"s":{"0":1,"1":2,"2":1,"3":1,"4":1,"5":1,"6":1,"7":0,"8":0,"9":0,"10":0,"11":0,"12":0,"13":0},"f":{"0":2,"1":0},"b":{"0":[1,1,1],"1":[0,2],"2":[2,2]},"_coverageSchema":"43e27e138ebf9cfc5966b082cf9a028302ed4184","hash":"c02a32e5b74adffeae0a1b3fbdde0ddb4d77ff5d"}
,"/Users/chakkaravarthi/Dev/UMG/umg_lib/lib/cards/appreciationCardNotification.js": {"path":"/Users/chakkaravarthi/Dev/UMG/umg_lib/lib/cards/appreciationCardNotification.js","statementMap":{"0":{"start":{"line":2,"column":22},"end":{"line":4,"column":1}},"1":{"start":{"line":3,"column":4},"end":{"line":3,"column":62}},"2":{"start":{"line":5,"column":0},"end":{"line":5,"column":26}},"3":{"start":{"line":6,"column":14},"end":{"line":6,"column":47}},"4":{"start":{"line":7,"column":23},"end":{"line":7,"column":62}},"5":{"start":{"line":8,"column":21},"end":{"line":8,"column":58}},"6":{"start":{"line":9,"column":31},"end":{"line":9,"column":81}},"7":{"start":{"line":10,"column":0},"end":{"line":17,"column":2}},"8":{"start":{"line":11,"column":16},"end":{"line":11,"column":27}},"9":{"start":{"line":11,"column":39},"end":{"line":11,"column":52}},"10":{"start":{"line":11,"column":66},"end":{"line":11,"column":81}},"11":{"start":{"line":11,"column":98},"end":{"line":11,"column":116}},"12":{"start":{"line":11,"column":123},"end":{"line":11,"column":140}},"13":{"start":{"line":11,"column":156},"end":{"line":11,"column":188}},"14":{"start":{"line":11,"column":195},"end":{"line":11,"column":211}},"15":{"start":{"line":11,"column":226},"end":{"line":11,"column":252}},"16":{"start":{"line":12,"column":4},"end":{"line":16,"column":114}}},"fnMap":{"0":{"name":"(anonymous_0)","decl":{"start":{"line":2,"column":56},"end":{"line":2,"column":57}},"loc":{"start":{"line":2,"column":71},"end":{"line":4,"column":1}},"line":2},"1":{"name":"(anonymous_1)","decl":{"start":{"line":10,"column":39},"end":{"line":10,"column":40}},"loc":{"start":{"line":10,"column":56},"end":{"line":17,"column":1}},"line":10}},"branchMap":{"0":{"loc":{"start":{"line":2,"column":22},"end":{"line":4,"column":1}},"type":"binary-expr","locations":[{"start":{"line":2,"column":23},"end":{"line":2,"column":27}},{"start":{"line":2,"column":31},"end":{"line":2,"column":51}},{"start":{"line":2,"column":56},"end":{"line":4,"column":1}}],"line":2},"1":{"loc":{"start":{"line":3,"column":11},"end":{"line":3,"column":61}},"type":"cond-expr","locations":[{"start":{"line":3,"column":37},"end":{"line":3,"column":40}},{"start":{"line":3,"column":43},"end":{"line":3,"column":61}}],"line":3},"2":{"loc":{"start":{"line":3,"column":12},"end":{"line":3,"column":33}},"type":"binary-expr","locations":[{"start":{"line":3,"column":12},"end":{"line":3,"column":15}},{"start":{"line":3,"column":19},"end":{"line":3,"column":33}}],"line":3},"3":{"loc":{"start":{"line":11,"column":156},"end":{"line":11,"column":188}},"type":"cond-expr","locations":[{"start":{"line":11,"column":172},"end":{"line":11,"column":183}},{"start":{"line":11,"column":186},"end":{"line":11,"column":188}}],"line":11},"4":{"loc":{"start":{"line":11,"column":226},"end":{"line":11,"column":252}},"type":"cond-expr","locations":[{"start":{"line":11,"column":242},"end":{"line":11,"column":247}},{"start":{"line":11,"column":250},"end":{"line":11,"column":252}}],"line":11},"5":{"loc":{"start":{"line":13,"column":8},"end":{"line":13,"column":210}},"type":"cond-expr","locations":[{"start":{"line":13,"column":22},"end":{"line":13,"column":122}},{"start":{"line":13,"column":125},"end":{"line":13,"column":210}}],"line":13},"6":{"loc":{"start":{"line":14,"column":8},"end":{"line":16,"column":111}},"type":"cond-expr","locations":[{"start":{"line":15,"column":14},"end":{"line":15,"column":172}},{"start":{"line":16,"column":14},"end":{"line":16,"column":111}}],"line":14}},"s":{"0":1,"1":2,"2":1,"3":1,"4":1,"5":1,"6":1,"7":1,"8":0,"9":0,"10":0,"11":0,"12":0,"13":0,"14":0,"15":0,"16":0},"f":{"0":2,"1":0},"b":{"0":[1,1,1],"1":[1,1],"2":[2,2],"3":[0,0],"4":[0,0],"5":[0,0],"6":[0,0]},"_coverageSchema":"43e27e138ebf9cfc5966b082cf9a028302ed4184","hash":"37febfa692fb6fca1e2388bf2d31c58f2db92720"}
,"/Users/chakkaravarthi/Dev/UMG/umg_lib/lib/cards/appreciationCardThumbnail.js": {"path":"/Users/chakkaravarthi/Dev/UMG/umg_lib/lib/cards/appreciationCardThumbnail.js","statementMap":{"0":{"start":{"line":2,"column":22},"end":{"line":4,"column":1}},"1":{"start":{"line":3,"column":4},"end":{"line":3,"column":62}},"2":{"start":{"line":5,"column":0},"end":{"line":5,"column":26}},"3":{"start":{"line":6,"column":14},"end":{"line":6,"column":47}},"4":{"start":{"line":7,"column":0},"end":{"line":7,"column":49}},"5":{"start":{"line":8,"column":18},"end":{"line":8,"column":71}},"6":{"start":{"line":9,"column":0},"end":{"line":17,"column":2}},"7":{"start":{"line":10,"column":18},"end":{"line":10,"column":31}},"8":{"start":{"line":10,"column":45},"end":{"line":10,"column":60}},"9":{"start":{"line":10,"column":77},"end":{"line":10,"column":95}},"10":{"start":{"line":11,"column":4},"end":{"line":16,"column":92}}},"fnMap":{"0":{"name":"(anonymous_0)","decl":{"start":{"line":2,"column":56},"end":{"line":2,"column":57}},"loc":{"start":{"line":2,"column":71},"end":{"line":4,"column":1}},"line":2},"1":{"name":"(anonymous_1)","decl":{"start":{"line":9,"column":36},"end":{"line":9,"column":37}},"loc":{"start":{"line":9,"column":53},"end":{"line":17,"column":1}},"line":9}},"branchMap":{"0":{"loc":{"start":{"line":2,"column":22},"end":{"line":4,"column":1}},"type":"binary-expr","locations":[{"start":{"line":2,"column":23},"end":{"line":2,"column":27}},{"start":{"line":2,"column":31},"end":{"line":2,"column":51}},{"start":{"line":2,"column":56},"end":{"line":4,"column":1}}],"line":2},"1":{"loc":{"start":{"line":3,"column":11},"end":{"line":3,"column":61}},"type":"cond-expr","locations":[{"start":{"line":3,"column":37},"end":{"line":3,"column":40}},{"start":{"line":3,"column":43},"end":{"line":3,"column":61}}],"line":3},"2":{"loc":{"start":{"line":3,"column":12},"end":{"line":3,"column":33}},"type":"binary-expr","locations":[{"start":{"line":3,"column":12},"end":{"line":3,"column":15}},{"start":{"line":3,"column":19},"end":{"line":3,"column":33}}],"line":3}},"s":{"0":1,"1":2,"2":1,"3":1,"4":1,"5":1,"6":1,"7":0,"8":0,"9":0,"10":0},"f":{"0":2,"1":0},"b":{"0":[1,1,1],"1":[0,2],"2":[2,2]},"_coverageSchema":"43e27e138ebf9cfc5966b082cf9a028302ed4184","hash":"80dd1a416fc12cebb67538de0847f29243e5fe95"}
,"/Users/chakkaravarthi/Dev/UMG/umg_lib/lib/cards/articleCard.js": {"path":"/Users/chakkaravarthi/Dev/UMG/umg_lib/lib/cards/articleCard.js","statementMap":{"0":{"start":{"line":2,"column":22},"end":{"line":4,"column":1}},"1":{"start":{"line":3,"column":4},"end":{"line":3,"column":62}},"2":{"start":{"line":5,"column":0},"end":{"line":5,"column":26}},"3":{"start":{"line":6,"column":14},"end":{"line":6,"column":47}},"4":{"start":{"line":7,"column":13},"end":{"line":7,"column":61}},"5":{"start":{"line":8,"column":30},"end":{"line":8,"column":64}},"6":{"start":{"line":9,"column":18},"end":{"line":9,"column":40}},"7":{"start":{"line":10,"column":20},"end":{"line":10,"column":56}},"8":{"start":{"line":11,"column":19},"end":{"line":11,"column":57}},"9":{"start":{"line":12,"column":31},"end":{"line":12,"column":81}},"10":{"start":{"line":13,"column":0},"end":{"line":30,"column":2}},"11":{"start":{"line":14,"column":19},"end":{"line":14,"column":33}},"12":{"start":{"line":14,"column":43},"end":{"line":14,"column":54}},"13":{"start":{"line":14,"column":63},"end":{"line":14,"column":73}},"14":{"start":{"line":14,"column":80},"end":{"line":14,"column":96}},"15":{"start":{"line":14,"column":111},"end":{"line":14,"column":137}},"16":{"start":{"line":14,"column":152},"end":{"line":14,"column":168}},"17":{"start":{"line":14,"column":175},"end":{"line":14,"column":189}},"18":{"start":{"line":14,"column":202},"end":{"line":14,"column":227}},"19":{"start":{"line":14,"column":234},"end":{"line":14,"column":245}},"20":{"start":{"line":14,"column":255},"end":{"line":14,"column":277}},"21":{"start":{"line":14,"column":298},"end":{"line":14,"column":320}},"22":{"start":{"line":14,"column":327},"end":{"line":14,"column":344}},"23":{"start":{"line":14,"column":360},"end":{"line":14,"column":385}},"24":{"start":{"line":14,"column":392},"end":{"line":14,"column":408}},"25":{"start":{"line":14,"column":423},"end":{"line":14,"column":448}},"26":{"start":{"line":14,"column":455},"end":{"line":14,"column":482}},"27":{"start":{"line":14,"column":508},"end":{"line":14,"column":532}},"28":{"start":{"line":15,"column":4},"end":{"line":29,"column":252}},"29":{"start":{"line":23,"column":50},"end":{"line":23,"column":225}}},"fnMap":{"0":{"name":"(anonymous_0)","decl":{"start":{"line":2,"column":56},"end":{"line":2,"column":57}},"loc":{"start":{"line":2,"column":71},"end":{"line":4,"column":1}},"line":2},"1":{"name":"(anonymous_1)","decl":{"start":{"line":13,"column":22},"end":{"line":13,"column":23}},"loc":{"start":{"line":13,"column":39},"end":{"line":30,"column":1}},"line":13},"2":{"name":"(anonymous_2)","decl":{"start":{"line":23,"column":35},"end":{"line":23,"column":36}},"loc":{"start":{"line":23,"column":48},"end":{"line":23,"column":227}},"line":23}},"branchMap":{"0":{"loc":{"start":{"line":2,"column":22},"end":{"line":4,"column":1}},"type":"binary-expr","locations":[{"start":{"line":2,"column":23},"end":{"line":2,"column":27}},{"start":{"line":2,"column":31},"end":{"line":2,"column":51}},{"start":{"line":2,"column":56},"end":{"line":4,"column":1}}],"line":2},"1":{"loc":{"start":{"line":3,"column":11},"end":{"line":3,"column":61}},"type":"cond-expr","locations":[{"start":{"line":3,"column":37},"end":{"line":3,"column":40}},{"start":{"line":3,"column":43},"end":{"line":3,"column":61}}],"line":3},"2":{"loc":{"start":{"line":3,"column":12},"end":{"line":3,"column":33}},"type":"binary-expr","locations":[{"start":{"line":3,"column":12},"end":{"line":3,"column":15}},{"start":{"line":3,"column":19},"end":{"line":3,"column":33}}],"line":3},"3":{"loc":{"start":{"line":14,"column":111},"end":{"line":14,"column":137}},"type":"cond-expr","locations":[{"start":{"line":14,"column":127},"end":{"line":14,"column":132}},{"start":{"line":14,"column":135},"end":{"line":14,"column":137}}],"line":14},"4":{"loc":{"start":{"line":14,"column":202},"end":{"line":14,"column":227}},"type":"cond-expr","locations":[{"start":{"line":14,"column":218},"end":{"line":14,"column":222}},{"start":{"line":14,"column":225},"end":{"line":14,"column":227}}],"line":14},"5":{"loc":{"start":{"line":14,"column":255},"end":{"line":14,"column":277}},"type":"cond-expr","locations":[{"start":{"line":14,"column":271},"end":{"line":14,"column":272}},{"start":{"line":14,"column":275},"end":{"line":14,"column":277}}],"line":14},"6":{"loc":{"start":{"line":14,"column":360},"end":{"line":14,"column":385}},"type":"cond-expr","locations":[{"start":{"line":14,"column":376},"end":{"line":14,"column":380}},{"start":{"line":14,"column":383},"end":{"line":14,"column":385}}],"line":14},"7":{"loc":{"start":{"line":14,"column":423},"end":{"line":14,"column":448}},"type":"cond-expr","locations":[{"start":{"line":14,"column":439},"end":{"line":14,"column":443}},{"start":{"line":14,"column":446},"end":{"line":14,"column":448}}],"line":14},"8":{"loc":{"start":{"line":14,"column":508},"end":{"line":14,"column":532}},"type":"cond-expr","locations":[{"start":{"line":14,"column":524},"end":{"line":14,"column":527}},{"start":{"line":14,"column":530},"end":{"line":14,"column":532}}],"line":14},"9":{"loc":{"start":{"line":16,"column":8},"end":{"line":17,"column":200}},"type":"cond-expr","locations":[{"start":{"line":16,"column":22},"end":{"line":17,"column":93}},{"start":{"line":17,"column":96},"end":{"line":17,"column":200}}],"line":16},"10":{"loc":{"start":{"line":16,"column":22},"end":{"line":17,"column":93}},"type":"binary-expr","locations":[{"start":{"line":16,"column":22},"end":{"line":16,"column":30}},{"start":{"line":16,"column":34},"end":{"line":16,"column":42}},{"start":{"line":16,"column":47},"end":{"line":17,"column":92}}],"line":16},"11":{"loc":{"start":{"line":20,"column":144},"end":{"line":20,"column":313}},"type":"cond-expr","locations":[{"start":{"line":20,"column":158},"end":{"line":20,"column":225}},{"start":{"line":20,"column":228},"end":{"line":20,"column":313}}],"line":20},"12":{"loc":{"start":{"line":20,"column":158},"end":{"line":20,"column":225}},"type":"binary-expr","locations":[{"start":{"line":20,"column":158},"end":{"line":20,"column":166}},{"start":{"line":20,"column":170},"end":{"line":20,"column":225}}],"line":20},"13":{"loc":{"start":{"line":21,"column":156},"end":{"line":21,"column":262}},"type":"cond-expr","locations":[{"start":{"line":21,"column":170},"end":{"line":21,"column":174}},{"start":{"line":21,"column":177},"end":{"line":21,"column":262}}],"line":21},"14":{"loc":{"start":{"line":22,"column":16},"end":{"line":23,"column":316}},"type":"cond-expr","locations":[{"start":{"line":22,"column":30},"end":{"line":23,"column":228}},{"start":{"line":23,"column":231},"end":{"line":23,"column":316}}],"line":22},"15":{"loc":{"start":{"line":22,"column":30},"end":{"line":23,"column":228}},"type":"binary-expr","locations":[{"start":{"line":22,"column":30},"end":{"line":22,"column":40}},{"start":{"line":23,"column":20},"end":{"line":23,"column":228}}],"line":22},"16":{"loc":{"start":{"line":25,"column":16},"end":{"line":27,"column":198}},"type":"cond-expr","locations":[{"start":{"line":25,"column":30},"end":{"line":27,"column":110}},{"start":{"line":27,"column":113},"end":{"line":27,"column":198}}],"line":25},"17":{"loc":{"start":{"line":25,"column":30},"end":{"line":27,"column":110}},"type":"binary-expr","locations":[{"start":{"line":25,"column":30},"end":{"line":25,"column":38}},{"start":{"line":25,"column":43},"end":{"line":27,"column":109}}],"line":25},"18":{"loc":{"start":{"line":28,"column":81},"end":{"line":29,"column":246}},"type":"cond-expr","locations":[{"start":{"line":29,"column":22},"end":{"line":29,"column":158}},{"start":{"line":29,"column":161},"end":{"line":29,"column":246}}],"line":28}},"s":{"0":1,"1":4,"2":1,"3":1,"4":1,"5":1,"6":1,"7":1,"8":1,"9":1,"10":1,"11":0,"12":0,"13":0,"14":0,"15":0,"16":0,"17":0,"18":0,"19":0,"20":0,"21":0,"22":0,"23":0,"24":0,"25":0,"26":0,"27":0,"28":0,"29":0},"f":{"0":4,"1":0,"2":0},"b":{"0":[1,1,1],"1":[1,3],"2":[4,4],"3":[0,0],"4":[0,0],"5":[0,0],"6":[0,0],"7":[0,0],"8":[0,0],"9":[0,0],"10":[0,0,0],"11":[0,0],"12":[0,0],"13":[0,0],"14":[0,0],"15":[0,0],"16":[0,0],"17":[0,0],"18":[0,0]},"_coverageSchema":"43e27e138ebf9cfc5966b082cf9a028302ed4184","hash":"3fd5614b40508abe2d71a272e198d8c332583095"}
,"/Users/chakkaravarthi/Dev/UMG/umg_lib/lib/cards/articleCardFeatured.js": {"path":"/Users/chakkaravarthi/Dev/UMG/umg_lib/lib/cards/articleCardFeatured.js","statementMap":{"0":{"start":{"line":2,"column":22},"end":{"line":4,"column":1}},"1":{"start":{"line":3,"column":4},"end":{"line":3,"column":62}},"2":{"start":{"line":5,"column":0},"end":{"line":5,"column":26}},"3":{"start":{"line":6,"column":14},"end":{"line":6,"column":47}},"4":{"start":{"line":7,"column":13},"end":{"line":7,"column":61}},"5":{"start":{"line":8,"column":31},"end":{"line":8,"column":81}},"6":{"start":{"line":9,"column":30},"end":{"line":9,"column":64}},"7":{"start":{"line":10,"column":18},"end":{"line":10,"column":40}},"8":{"start":{"line":11,"column":20},"end":{"line":11,"column":56}},"9":{"start":{"line":12,"column":0},"end":{"line":32,"column":2}},"10":{"start":{"line":13,"column":19},"end":{"line":13,"column":33}},"11":{"start":{"line":13,"column":43},"end":{"line":13,"column":54}},"12":{"start":{"line":13,"column":63},"end":{"line":13,"column":73}},"13":{"start":{"line":13,"column":85},"end":{"line":13,"column":98}},"14":{"start":{"line":13,"column":113},"end":{"line":13,"column":129}},"15":{"start":{"line":13,"column":142},"end":{"line":13,"column":156}},"16":{"start":{"line":13,"column":163},"end":{"line":13,"column":174}},"17":{"start":{"line":13,"column":184},"end":{"line":13,"column":206}},"18":{"start":{"line":13,"column":227},"end":{"line":13,"column":249}},"19":{"start":{"line":13,"column":256},"end":{"line":13,"column":272}},"20":{"start":{"line":13,"column":287},"end":{"line":13,"column":313}},"21":{"start":{"line":13,"column":320},"end":{"line":13,"column":337}},"22":{"start":{"line":13,"column":353},"end":{"line":13,"column":378}},"23":{"start":{"line":13,"column":385},"end":{"line":13,"column":412}},"24":{"start":{"line":13,"column":438},"end":{"line":13,"column":462}},"25":{"start":{"line":14,"column":4},"end":{"line":31,"column":261}},"26":{"start":{"line":24,"column":58},"end":{"line":24,"column":233}}},"fnMap":{"0":{"name":"(anonymous_0)","decl":{"start":{"line":2,"column":56},"end":{"line":2,"column":57}},"loc":{"start":{"line":2,"column":71},"end":{"line":4,"column":1}},"line":2},"1":{"name":"(anonymous_1)","decl":{"start":{"line":12,"column":30},"end":{"line":12,"column":31}},"loc":{"start":{"line":12,"column":47},"end":{"line":32,"column":1}},"line":12},"2":{"name":"(anonymous_2)","decl":{"start":{"line":24,"column":43},"end":{"line":24,"column":44}},"loc":{"start":{"line":24,"column":56},"end":{"line":24,"column":235}},"line":24}},"branchMap":{"0":{"loc":{"start":{"line":2,"column":22},"end":{"line":4,"column":1}},"type":"binary-expr","locations":[{"start":{"line":2,"column":23},"end":{"line":2,"column":27}},{"start":{"line":2,"column":31},"end":{"line":2,"column":51}},{"start":{"line":2,"column":56},"end":{"line":4,"column":1}}],"line":2},"1":{"loc":{"start":{"line":3,"column":11},"end":{"line":3,"column":61}},"type":"cond-expr","locations":[{"start":{"line":3,"column":37},"end":{"line":3,"column":40}},{"start":{"line":3,"column":43},"end":{"line":3,"column":61}}],"line":3},"2":{"loc":{"start":{"line":3,"column":12},"end":{"line":3,"column":33}},"type":"binary-expr","locations":[{"start":{"line":3,"column":12},"end":{"line":3,"column":15}},{"start":{"line":3,"column":19},"end":{"line":3,"column":33}}],"line":3},"3":{"loc":{"start":{"line":13,"column":184},"end":{"line":13,"column":206}},"type":"cond-expr","locations":[{"start":{"line":13,"column":200},"end":{"line":13,"column":201}},{"start":{"line":13,"column":204},"end":{"line":13,"column":206}}],"line":13},"4":{"loc":{"start":{"line":13,"column":287},"end":{"line":13,"column":313}},"type":"cond-expr","locations":[{"start":{"line":13,"column":303},"end":{"line":13,"column":308}},{"start":{"line":13,"column":311},"end":{"line":13,"column":313}}],"line":13},"5":{"loc":{"start":{"line":13,"column":353},"end":{"line":13,"column":378}},"type":"cond-expr","locations":[{"start":{"line":13,"column":369},"end":{"line":13,"column":373}},{"start":{"line":13,"column":376},"end":{"line":13,"column":378}}],"line":13},"6":{"loc":{"start":{"line":13,"column":438},"end":{"line":13,"column":462}},"type":"cond-expr","locations":[{"start":{"line":13,"column":454},"end":{"line":13,"column":457}},{"start":{"line":13,"column":460},"end":{"line":13,"column":462}}],"line":13},"7":{"loc":{"start":{"line":16,"column":86},"end":{"line":17,"column":204}},"type":"cond-expr","locations":[{"start":{"line":16,"column":100},"end":{"line":17,"column":97}},{"start":{"line":17,"column":100},"end":{"line":17,"column":204}}],"line":16},"8":{"loc":{"start":{"line":16,"column":100},"end":{"line":17,"column":97}},"type":"binary-expr","locations":[{"start":{"line":16,"column":100},"end":{"line":16,"column":108}},{"start":{"line":16,"column":112},"end":{"line":16,"column":120}},{"start":{"line":16,"column":125},"end":{"line":17,"column":96}}],"line":16},"9":{"loc":{"start":{"line":21,"column":122},"end":{"line":21,"column":301}},"type":"cond-expr","locations":[{"start":{"line":21,"column":136},"end":{"line":21,"column":203}},{"start":{"line":21,"column":206},"end":{"line":21,"column":301}}],"line":21},"10":{"loc":{"start":{"line":21,"column":136},"end":{"line":21,"column":203}},"type":"binary-expr","locations":[{"start":{"line":21,"column":136},"end":{"line":21,"column":144}},{"start":{"line":21,"column":148},"end":{"line":21,"column":203}}],"line":21},"11":{"loc":{"start":{"line":22,"column":174},"end":{"line":22,"column":280}},"type":"cond-expr","locations":[{"start":{"line":22,"column":188},"end":{"line":22,"column":192}},{"start":{"line":22,"column":195},"end":{"line":22,"column":280}}],"line":22},"12":{"loc":{"start":{"line":23,"column":24},"end":{"line":24,"column":324}},"type":"cond-expr","locations":[{"start":{"line":23,"column":38},"end":{"line":24,"column":236}},{"start":{"line":24,"column":239},"end":{"line":24,"column":324}}],"line":23},"13":{"loc":{"start":{"line":23,"column":38},"end":{"line":24,"column":236}},"type":"binary-expr","locations":[{"start":{"line":23,"column":38},"end":{"line":23,"column":48}},{"start":{"line":24,"column":28},"end":{"line":24,"column":236}}],"line":23},"14":{"loc":{"start":{"line":25,"column":137},"end":{"line":25,"column":256}},"type":"cond-expr","locations":[{"start":{"line":25,"column":151},"end":{"line":25,"column":158}},{"start":{"line":25,"column":161},"end":{"line":25,"column":256}}],"line":25},"15":{"loc":{"start":{"line":27,"column":24},"end":{"line":29,"column":206}},"type":"cond-expr","locations":[{"start":{"line":27,"column":38},"end":{"line":29,"column":118}},{"start":{"line":29,"column":121},"end":{"line":29,"column":206}}],"line":27},"16":{"loc":{"start":{"line":27,"column":38},"end":{"line":29,"column":118}},"type":"binary-expr","locations":[{"start":{"line":27,"column":38},"end":{"line":27,"column":46}},{"start":{"line":27,"column":51},"end":{"line":29,"column":117}}],"line":27},"17":{"loc":{"start":{"line":30,"column":89},"end":{"line":31,"column":253}},"type":"cond-expr","locations":[{"start":{"line":31,"column":30},"end":{"line":31,"column":166}},{"start":{"line":31,"column":169},"end":{"line":31,"column":253}}],"line":30}},"s":{"0":1,"1":3,"2":1,"3":1,"4":1,"5":1,"6":1,"7":1,"8":1,"9":1,"10":0,"11":0,"12":0,"13":0,"14":0,"15":0,"16":0,"17":0,"18":0,"19":0,"20":0,"21":0,"22":0,"23":0,"24":0,"25":0,"26":0},"f":{"0":3,"1":0,"2":0},"b":{"0":[1,1,1],"1":[1,2],"2":[3,3],"3":[0,0],"4":[0,0],"5":[0,0],"6":[0,0],"7":[0,0],"8":[0,0,0],"9":[0,0],"10":[0,0],"11":[0,0],"12":[0,0],"13":[0,0],"14":[0,0],"15":[0,0],"16":[0,0],"17":[0,0]},"_coverageSchema":"43e27e138ebf9cfc5966b082cf9a028302ed4184","hash":"5b0e79ff2e983d0a0705a16a07cdb554f7f010d7"}
,"/Users/chakkaravarthi/Dev/UMG/umg_lib/lib/cards/articleCardFull.js": {"path":"/Users/chakkaravarthi/Dev/UMG/umg_lib/lib/cards/articleCardFull.js","statementMap":{"0":{"start":{"line":2,"column":22},"end":{"line":4,"column":1}},"1":{"start":{"line":3,"column":4},"end":{"line":3,"column":62}},"2":{"start":{"line":5,"column":0},"end":{"line":5,"column":26}},"3":{"start":{"line":6,"column":14},"end":{"line":6,"column":47}},"4":{"start":{"line":7,"column":13},"end":{"line":7,"column":61}},"5":{"start":{"line":8,"column":18},"end":{"line":8,"column":40}},"6":{"start":{"line":9,"column":0},"end":{"line":21,"column":2}},"7":{"start":{"line":10,"column":19},"end":{"line":10,"column":33}},"8":{"start":{"line":10,"column":43},"end":{"line":10,"column":54}},"9":{"start":{"line":10,"column":67},"end":{"line":10,"column":81}},"10":{"start":{"line":10,"column":90},"end":{"line":10,"column":100}},"11":{"start":{"line":10,"column":115},"end":{"line":10,"column":131}},"12":{"start":{"line":10,"column":143},"end":{"line":10,"column":156}},"13":{"start":{"line":11,"column":4},"end":{"line":20,"column":28}},"14":{"start":{"line":17,"column":46},"end":{"line":17,"column":221}}},"fnMap":{"0":{"name":"(anonymous_0)","decl":{"start":{"line":2,"column":56},"end":{"line":2,"column":57}},"loc":{"start":{"line":2,"column":71},"end":{"line":4,"column":1}},"line":2},"1":{"name":"(anonymous_1)","decl":{"start":{"line":9,"column":26},"end":{"line":9,"column":27}},"loc":{"start":{"line":9,"column":43},"end":{"line":21,"column":1}},"line":9},"2":{"name":"(anonymous_2)","decl":{"start":{"line":17,"column":31},"end":{"line":17,"column":32}},"loc":{"start":{"line":17,"column":44},"end":{"line":17,"column":223}},"line":17}},"branchMap":{"0":{"loc":{"start":{"line":2,"column":22},"end":{"line":4,"column":1}},"type":"binary-expr","locations":[{"start":{"line":2,"column":23},"end":{"line":2,"column":27}},{"start":{"line":2,"column":31},"end":{"line":2,"column":51}},{"start":{"line":2,"column":56},"end":{"line":4,"column":1}}],"line":2},"1":{"loc":{"start":{"line":3,"column":11},"end":{"line":3,"column":61}},"type":"cond-expr","locations":[{"start":{"line":3,"column":37},"end":{"line":3,"column":40}},{"start":{"line":3,"column":43},"end":{"line":3,"column":61}}],"line":3},"2":{"loc":{"start":{"line":3,"column":12},"end":{"line":3,"column":33}},"type":"binary-expr","locations":[{"start":{"line":3,"column":12},"end":{"line":3,"column":15}},{"start":{"line":3,"column":19},"end":{"line":3,"column":33}}],"line":3},"3":{"loc":{"start":{"line":12,"column":8},"end":{"line":12,"column":101}},"type":"binary-expr","locations":[{"start":{"line":12,"column":8},"end":{"line":12,"column":16}},{"start":{"line":12,"column":21},"end":{"line":12,"column":100}}],"line":12},"4":{"loc":{"start":{"line":16,"column":12},"end":{"line":17,"column":224}},"type":"binary-expr","locations":[{"start":{"line":16,"column":12},"end":{"line":16,"column":22}},{"start":{"line":17,"column":16},"end":{"line":17,"column":224}}],"line":16}},"s":{"0":1,"1":2,"2":1,"3":1,"4":1,"5":1,"6":1,"7":0,"8":0,"9":0,"10":0,"11":0,"12":0,"13":0,"14":0},"f":{"0":2,"1":0,"2":0},"b":{"0":[1,1,1],"1":[0,2],"2":[2,2],"3":[0,0],"4":[0,0]},"_coverageSchema":"43e27e138ebf9cfc5966b082cf9a028302ed4184","hash":"47107d4fe1201fcb20312c751e7e9c9304ff0437"}
,"/Users/chakkaravarthi/Dev/UMG/umg_lib/lib/cards/articleSearchCard.js": {"path":"/Users/chakkaravarthi/Dev/UMG/umg_lib/lib/cards/articleSearchCard.js","statementMap":{"0":{"start":{"line":2,"column":22},"end":{"line":4,"column":1}},"1":{"start":{"line":3,"column":4},"end":{"line":3,"column":62}},"2":{"start":{"line":5,"column":0},"end":{"line":5,"column":26}},"3":{"start":{"line":6,"column":14},"end":{"line":6,"column":47}},"4":{"start":{"line":7,"column":13},"end":{"line":7,"column":61}},"5":{"start":{"line":8,"column":12},"end":{"line":8,"column":59}},"6":{"start":{"line":9,"column":12},"end":{"line":9,"column":59}},"7":{"start":{"line":10,"column":30},"end":{"line":10,"column":64}},"8":{"start":{"line":11,"column":19},"end":{"line":11,"column":42}},"9":{"start":{"line":12,"column":31},"end":{"line":12,"column":81}},"10":{"start":{"line":13,"column":0},"end":{"line":25,"column":2}},"11":{"start":{"line":14,"column":16},"end":{"line":14,"column":27}},"12":{"start":{"line":14,"column":39},"end":{"line":14,"column":52}},"13":{"start":{"line":14,"column":65},"end":{"line":14,"column":79}},"14":{"start":{"line":14,"column":86},"end":{"line":14,"column":105}},"15":{"start":{"line":14,"column":123},"end":{"line":14,"column":146}},"16":{"start":{"line":14,"column":153},"end":{"line":14,"column":169}},"17":{"start":{"line":14,"column":184},"end":{"line":14,"column":210}},"18":{"start":{"line":15,"column":4},"end":{"line":24,"column":211}}},"fnMap":{"0":{"name":"(anonymous_0)","decl":{"start":{"line":2,"column":56},"end":{"line":2,"column":57}},"loc":{"start":{"line":2,"column":71},"end":{"line":4,"column":1}},"line":2},"1":{"name":"(anonymous_1)","decl":{"start":{"line":13,"column":28},"end":{"line":13,"column":29}},"loc":{"start":{"line":13,"column":45},"end":{"line":25,"column":1}},"line":13}},"branchMap":{"0":{"loc":{"start":{"line":2,"column":22},"end":{"line":4,"column":1}},"type":"binary-expr","locations":[{"start":{"line":2,"column":23},"end":{"line":2,"column":27}},{"start":{"line":2,"column":31},"end":{"line":2,"column":51}},{"start":{"line":2,"column":56},"end":{"line":4,"column":1}}],"line":2},"1":{"loc":{"start":{"line":3,"column":11},"end":{"line":3,"column":61}},"type":"cond-expr","locations":[{"start":{"line":3,"column":37},"end":{"line":3,"column":40}},{"start":{"line":3,"column":43},"end":{"line":3,"column":61}}],"line":3},"2":{"loc":{"start":{"line":3,"column":12},"end":{"line":3,"column":33}},"type":"binary-expr","locations":[{"start":{"line":3,"column":12},"end":{"line":3,"column":15}},{"start":{"line":3,"column":19},"end":{"line":3,"column":33}}],"line":3},"3":{"loc":{"start":{"line":14,"column":123},"end":{"line":14,"column":146}},"type":"cond-expr","locations":[{"start":{"line":14,"column":139},"end":{"line":14,"column":141}},{"start":{"line":14,"column":144},"end":{"line":14,"column":146}}],"line":14},"4":{"loc":{"start":{"line":14,"column":184},"end":{"line":14,"column":210}},"type":"cond-expr","locations":[{"start":{"line":14,"column":200},"end":{"line":14,"column":205}},{"start":{"line":14,"column":208},"end":{"line":14,"column":210}}],"line":14},"5":{"loc":{"start":{"line":20,"column":105},"end":{"line":20,"column":317}},"type":"cond-expr","locations":[{"start":{"line":20,"column":132},"end":{"line":20,"column":226}},{"start":{"line":20,"column":231},"end":{"line":20,"column":316}}],"line":20},"6":{"loc":{"start":{"line":20,"column":105},"end":{"line":20,"column":128}},"type":"binary-expr","locations":[{"start":{"line":20,"column":105},"end":{"line":20,"column":116}},{"start":{"line":20,"column":120},"end":{"line":20,"column":128}}],"line":20},"7":{"loc":{"start":{"line":21,"column":135},"end":{"line":21,"column":254}},"type":"cond-expr","locations":[{"start":{"line":21,"column":149},"end":{"line":21,"column":156}},{"start":{"line":21,"column":159},"end":{"line":21,"column":254}}],"line":21},"8":{"loc":{"start":{"line":22,"column":95},"end":{"line":24,"column":204}},"type":"cond-expr","locations":[{"start":{"line":22,"column":122},"end":{"line":24,"column":113}},{"start":{"line":24,"column":118},"end":{"line":24,"column":203}}],"line":22},"9":{"loc":{"start":{"line":22,"column":95},"end":{"line":22,"column":118}},"type":"binary-expr","locations":[{"start":{"line":22,"column":95},"end":{"line":22,"column":106}},{"start":{"line":22,"column":110},"end":{"line":22,"column":118}}],"line":22}},"s":{"0":1,"1":5,"2":1,"3":1,"4":1,"5":1,"6":1,"7":1,"8":1,"9":1,"10":1,"11":0,"12":0,"13":0,"14":0,"15":0,"16":0,"17":0,"18":0},"f":{"0":5,"1":0},"b":{"0":[1,1,1],"1":[1,4],"2":[5,5],"3":[0,0],"4":[0,0],"5":[0,0],"6":[0,0],"7":[0,0],"8":[0,0],"9":[0,0]},"_coverageSchema":"43e27e138ebf9cfc5966b082cf9a028302ed4184","hash":"ca00dc3375e16ff96a732ed186e7178f0bebed8e"}
,"/Users/chakkaravarthi/Dev/UMG/umg_lib/lib/cards/brandsLabels.js": {"path":"/Users/chakkaravarthi/Dev/UMG/umg_lib/lib/cards/brandsLabels.js","statementMap":{"0":{"start":{"line":2,"column":22},"end":{"line":4,"column":1}},"1":{"start":{"line":3,"column":4},"end":{"line":3,"column":62}},"2":{"start":{"line":5,"column":0},"end":{"line":5,"column":26}},"3":{"start":{"line":6,"column":14},"end":{"line":6,"column":47}},"4":{"start":{"line":7,"column":13},"end":{"line":7,"column":61}},"5":{"start":{"line":8,"column":15},"end":{"line":8,"column":42}},"6":{"start":{"line":9,"column":0},"end":{"line":14,"column":2}},"7":{"start":{"line":10,"column":4},"end":{"line":13,"column":124}}},"fnMap":{"0":{"name":"(anonymous_0)","decl":{"start":{"line":2,"column":56},"end":{"line":2,"column":57}},"loc":{"start":{"line":2,"column":71},"end":{"line":4,"column":1}},"line":2},"1":{"name":"(anonymous_1)","decl":{"start":{"line":9,"column":27},"end":{"line":9,"column":28}},"loc":{"start":{"line":9,"column":44},"end":{"line":14,"column":1}},"line":9}},"branchMap":{"0":{"loc":{"start":{"line":2,"column":22},"end":{"line":4,"column":1}},"type":"binary-expr","locations":[{"start":{"line":2,"column":23},"end":{"line":2,"column":27}},{"start":{"line":2,"column":31},"end":{"line":2,"column":51}},{"start":{"line":2,"column":56},"end":{"line":4,"column":1}}],"line":2},"1":{"loc":{"start":{"line":3,"column":11},"end":{"line":3,"column":61}},"type":"cond-expr","locations":[{"start":{"line":3,"column":37},"end":{"line":3,"column":40}},{"start":{"line":3,"column":43},"end":{"line":3,"column":61}}],"line":3},"2":{"loc":{"start":{"line":3,"column":12},"end":{"line":3,"column":33}},"type":"binary-expr","locations":[{"start":{"line":3,"column":12},"end":{"line":3,"column":15}},{"start":{"line":3,"column":19},"end":{"line":3,"column":33}}],"line":3},"3":{"loc":{"start":{"line":11,"column":111},"end":{"line":11,"column":155}},"type":"cond-expr","locations":[{"start":{"line":11,"column":123},"end":{"line":11,"column":149}},{"start":{"line":11,"column":152},"end":{"line":11,"column":155}}],"line":11},"4":{"loc":{"start":{"line":12,"column":12},"end":{"line":12,"column":171}},"type":"binary-expr","locations":[{"start":{"line":12,"column":12},"end":{"line":12,"column":26}},{"start":{"line":12,"column":31},"end":{"line":12,"column":170}}],"line":12},"5":{"loc":{"start":{"line":13,"column":12},"end":{"line":13,"column":120}},"type":"binary-expr","locations":[{"start":{"line":13,"column":12},"end":{"line":13,"column":27}},{"start":{"line":13,"column":32},"end":{"line":13,"column":119}}],"line":13}},"s":{"0":1,"1":2,"2":1,"3":1,"4":1,"5":1,"6":1,"7":0},"f":{"0":2,"1":0},"b":{"0":[1,1,1],"1":[0,2],"2":[2,2],"3":[0,0],"4":[0,0],"5":[0,0]},"_coverageSchema":"43e27e138ebf9cfc5966b082cf9a028302ed4184","hash":"1226959de07c05676184f4f63f601e540851504f"}
,"/Users/chakkaravarthi/Dev/UMG/umg_lib/lib/cards/card.js": {"path":"/Users/chakkaravarthi/Dev/UMG/umg_lib/lib/cards/card.js","statementMap":{"0":{"start":{"line":2,"column":15},"end":{"line":12,"column":1}},"1":{"start":{"line":3,"column":4},"end":{"line":10,"column":6}},"2":{"start":{"line":4,"column":8},"end":{"line":8,"column":9}},"3":{"start":{"line":4,"column":24},"end":{"line":4,"column":25}},"4":{"start":{"line":4,"column":31},"end":{"line":4,"column":47}},"5":{"start":{"line":5,"column":12},"end":{"line":5,"column":29}},"6":{"start":{"line":6,"column":12},"end":{"line":7,"column":28}},"7":{"start":{"line":6,"column":29},"end":{"line":7,"column":28}},"8":{"start":{"line":7,"column":16},"end":{"line":7,"column":28}},"9":{"start":{"line":9,"column":8},"end":{"line":9,"column":17}},"10":{"start":{"line":11,"column":4},"end":{"line":11,"column":43}},"11":{"start":{"line":13,"column":22},"end":{"line":15,"column":1}},"12":{"start":{"line":14,"column":4},"end":{"line":14,"column":62}},"13":{"start":{"line":16,"column":0},"end":{"line":16,"column":26}},"14":{"start":{"line":17,"column":14},"end":{"line":17,"column":47}},"15":{"start":{"line":18,"column":20},"end":{"line":18,"column":44}},"16":{"start":{"line":19,"column":28},"end":{"line":19,"column":60}},"17":{"start":{"line":20,"column":26},"end":{"line":20,"column":56}},"18":{"start":{"line":21,"column":18},"end":{"line":21,"column":40}},"19":{"start":{"line":22,"column":22},"end":{"line":22,"column":48}},"20":{"start":{"line":23,"column":24},"end":{"line":23,"column":52}},"21":{"start":{"line":24,"column":22},"end":{"line":24,"column":48}},"22":{"start":{"line":25,"column":23},"end":{"line":25,"column":50}},"23":{"start":{"line":26,"column":25},"end":{"line":26,"column":54}},"24":{"start":{"line":27,"column":25},"end":{"line":27,"column":54}},"25":{"start":{"line":28,"column":26},"end":{"line":28,"column":56}},"26":{"start":{"line":29,"column":24},"end":{"line":29,"column":52}},"27":{"start":{"line":30,"column":25},"end":{"line":30,"column":54}},"28":{"start":{"line":31,"column":29},"end":{"line":31,"column":62}},"29":{"start":{"line":32,"column":20},"end":{"line":32,"column":44}},"30":{"start":{"line":33,"column":19},"end":{"line":33,"column":42}},"31":{"start":{"line":34,"column":22},"end":{"line":34,"column":48}},"32":{"start":{"line":35,"column":24},"end":{"line":35,"column":52}},"33":{"start":{"line":36,"column":16},"end":{"line":36,"column":36}},"34":{"start":{"line":37,"column":24},"end":{"line":37,"column":52}},"35":{"start":{"line":38,"column":26},"end":{"line":38,"column":56}},"36":{"start":{"line":39,"column":27},"end":{"line":39,"column":58}},"37":{"start":{"line":40,"column":27},"end":{"line":40,"column":58}},"38":{"start":{"line":41,"column":29},"end":{"line":41,"column":62}},"39":{"start":{"line":42,"column":32},"end":{"line":42,"column":68}},"40":{"start":{"line":43,"column":30},"end":{"line":43,"column":64}},"41":{"start":{"line":44,"column":23},"end":{"line":44,"column":50}},"42":{"start":{"line":45,"column":27},"end":{"line":45,"column":58}},"43":{"start":{"line":46,"column":29},"end":{"line":46,"column":62}},"44":{"start":{"line":47,"column":25},"end":{"line":47,"column":54}},"45":{"start":{"line":48,"column":23},"end":{"line":48,"column":50}},"46":{"start":{"line":49,"column":19},"end":{"line":49,"column":42}},"47":{"start":{"line":50,"column":37},"end":{"line":50,"column":78}},"48":{"start":{"line":51,"column":21},"end":{"line":51,"column":46}},"49":{"start":{"line":52,"column":31},"end":{"line":52,"column":66}},"50":{"start":{"line":53,"column":25},"end":{"line":53,"column":54}},"51":{"start":{"line":54,"column":34},"end":{"line":54,"column":72}},"52":{"start":{"line":55,"column":0},"end":{"line":55,"column":33}},"53":{"start":{"line":56,"column":0},"end":{"line":214,"column":2}},"54":{"start":{"line":57,"column":13},"end":{"line":57,"column":23}},"55":{"start":{"line":57,"column":32},"end":{"line":57,"column":62}},"56":{"start":{"line":57,"column":69},"end":{"line":57,"column":82}},"57":{"start":{"line":57,"column":94},"end":{"line":57,"column":125}},"58":{"start":{"line":58,"column":4},"end":{"line":212,"column":5}},"59":{"start":{"line":60,"column":12},"end":{"line":69,"column":13}},"60":{"start":{"line":62,"column":20},"end":{"line":62,"column":118}},"61":{"start":{"line":64,"column":20},"end":{"line":64,"column":142}},"62":{"start":{"line":66,"column":20},"end":{"line":66,"column":130}},"63":{"start":{"line":68,"column":20},"end":{"line":68,"column":136}},"64":{"start":{"line":70,"column":12},"end":{"line":70,"column":18}},"65":{"start":{"line":72,"column":12},"end":{"line":75,"column":13}},"66":{"start":{"line":74,"column":20},"end":{"line":74,"column":100}},"67":{"start":{"line":76,"column":12},"end":{"line":76,"column":18}},"68":{"start":{"line":78,"column":12},"end":{"line":91,"column":13}},"69":{"start":{"line":80,"column":20},"end":{"line":80,"column":108}},"70":{"start":{"line":82,"column":20},"end":{"line":82,"column":124}},"71":{"start":{"line":84,"column":20},"end":{"line":84,"column":116}},"72":{"start":{"line":86,"column":20},"end":{"line":86,"column":120}},"73":{"start":{"line":88,"column":20},"end":{"line":88,"column":116}},"74":{"start":{"line":90,"column":20},"end":{"line":90,"column":119}},"75":{"start":{"line":92,"column":12},"end":{"line":92,"column":18}},"76":{"start":{"line":94,"column":12},"end":{"line":105,"column":13}},"77":{"start":{"line":96,"column":20},"end":{"line":96,"column":104}},"78":{"start":{"line":98,"column":20},"end":{"line":98,"column":120}},"79":{"start":{"line":100,"column":20},"end":{"line":100,"column":107}},"80":{"start":{"line":102,"column":20},"end":{"line":102,"column":112}},"81":{"start":{"line":104,"column":20},"end":{"line":104,"column":116}},"82":{"start":{"line":106,"column":12},"end":{"line":106,"column":18}},"83":{"start":{"line":108,"column":12},"end":{"line":113,"column":13}},"84":{"start":{"line":110,"column":20},"end":{"line":110,"column":114}},"85":{"start":{"line":112,"column":20},"end":{"line":112,"column":126}},"86":{"start":{"line":114,"column":12},"end":{"line":114,"column":18}},"87":{"start":{"line":116,"column":12},"end":{"line":119,"column":13}},"88":{"start":{"line":118,"column":20},"end":{"line":118,"column":118}},"89":{"start":{"line":120,"column":12},"end":{"line":120,"column":18}},"90":{"start":{"line":122,"column":12},"end":{"line":125,"column":13}},"91":{"start":{"line":124,"column":20},"end":{"line":124,"column":118}},"92":{"start":{"line":126,"column":12},"end":{"line":126,"column":18}},"93":{"start":{"line":128,"column":12},"end":{"line":131,"column":13}},"94":{"start":{"line":130,"column":20},"end":{"line":130,"column":122}},"95":{"start":{"line":132,"column":12},"end":{"line":132,"column":18}},"96":{"start":{"line":134,"column":12},"end":{"line":141,"column":13}},"97":{"start":{"line":136,"column":20},"end":{"line":136,"column":118}},"98":{"start":{"line":138,"column":20},"end":{"line":138,"column":106}},"99":{"start":{"line":140,"column":20},"end":{"line":140,"column":126}},"100":{"start":{"line":142,"column":12},"end":{"line":142,"column":18}},"101":{"start":{"line":144,"column":12},"end":{"line":147,"column":13}},"102":{"start":{"line":146,"column":20},"end":{"line":146,"column":122}},"103":{"start":{"line":148,"column":12},"end":{"line":148,"column":18}},"104":{"start":{"line":150,"column":12},"end":{"line":155,"column":13}},"105":{"start":{"line":152,"column":20},"end":{"line":152,"column":108}},"106":{"start":{"line":154,"column":20},"end":{"line":154,"column":114}},"107":{"start":{"line":156,"column":12},"end":{"line":156,"column":18}},"108":{"start":{"line":158,"column":12},"end":{"line":163,"column":13}},"109":{"start":{"line":160,"column":20},"end":{"line":160,"column":112}},"110":{"start":{"line":162,"column":20},"end":{"line":162,"column":106}},"111":{"start":{"line":164,"column":12},"end":{"line":164,"column":18}},"112":{"start":{"line":166,"column":12},"end":{"line":169,"column":13}},"113":{"start":{"line":168,"column":20},"end":{"line":168,"column":116}},"114":{"start":{"line":170,"column":12},"end":{"line":170,"column":18}},"115":{"start":{"line":172,"column":12},"end":{"line":175,"column":13}},"116":{"start":{"line":174,"column":20},"end":{"line":174,"column":114}},"117":{"start":{"line":176,"column":12},"end":{"line":176,"column":18}},"118":{"start":{"line":178,"column":12},"end":{"line":181,"column":13}},"119":{"start":{"line":180,"column":20},"end":{"line":180,"column":126}},"120":{"start":{"line":182,"column":12},"end":{"line":182,"column":18}},"121":{"start":{"line":184,"column":12},"end":{"line":187,"column":13}},"122":{"start":{"line":186,"column":20},"end":{"line":186,"column":132}},"123":{"start":{"line":188,"column":12},"end":{"line":188,"column":18}},"124":{"start":{"line":190,"column":12},"end":{"line":193,"column":13}},"125":{"start":{"line":192,"column":20},"end":{"line":192,"column":128}},"126":{"start":{"line":194,"column":12},"end":{"line":194,"column":18}},"127":{"start":{"line":196,"column":12},"end":{"line":199,"column":13}},"128":{"start":{"line":198,"column":20},"end":{"line":198,"column":122}},"129":{"start":{"line":200,"column":12},"end":{"line":200,"column":18}},"130":{"start":{"line":202,"column":12},"end":{"line":205,"column":13}},"131":{"start":{"line":204,"column":20},"end":{"line":204,"column":118}},"132":{"start":{"line":206,"column":12},"end":{"line":206,"column":18}},"133":{"start":{"line":208,"column":12},"end":{"line":211,"column":13}},"134":{"start":{"line":210,"column":20},"end":{"line":210,"column":114}},"135":{"start":{"line":213,"column":4},"end":{"line":213,"column":16}}},"fnMap":{"0":{"name":"(anonymous_0)","decl":{"start":{"line":2,"column":42},"end":{"line":2,"column":43}},"loc":{"start":{"line":2,"column":54},"end":{"line":12,"column":1}},"line":2},"1":{"name":"(anonymous_1)","decl":{"start":{"line":3,"column":32},"end":{"line":3,"column":33}},"loc":{"start":{"line":3,"column":44},"end":{"line":10,"column":5}},"line":3},"2":{"name":"(anonymous_2)","decl":{"start":{"line":13,"column":56},"end":{"line":13,"column":57}},"loc":{"start":{"line":13,"column":71},"end":{"line":15,"column":1}},"line":13},"3":{"name":"(anonymous_3)","decl":{"start":{"line":56,"column":15},"end":{"line":56,"column":16}},"loc":{"start":{"line":56,"column":32},"end":{"line":214,"column":1}},"line":56}},"branchMap":{"0":{"loc":{"start":{"line":2,"column":15},"end":{"line":12,"column":1}},"type":"binary-expr","locations":[{"start":{"line":2,"column":16},"end":{"line":2,"column":20}},{"start":{"line":2,"column":24},"end":{"line":2,"column":37}},{"start":{"line":2,"column":42},"end":{"line":12,"column":1}}],"line":2},"1":{"loc":{"start":{"line":3,"column":15},"end":{"line":10,"column":5}},"type":"binary-expr","locations":[{"start":{"line":3,"column":15},"end":{"line":3,"column":28}},{"start":{"line":3,"column":32},"end":{"line":10,"column":5}}],"line":3},"2":{"loc":{"start":{"line":6,"column":29},"end":{"line":7,"column":28}},"type":"if","locations":[{"start":{"line":6,"column":29},"end":{"line":7,"column":28}},{"start":{"line":6,"column":29},"end":{"line":7,"column":28}}],"line":6},"3":{"loc":{"start":{"line":13,"column":22},"end":{"line":15,"column":1}},"type":"binary-expr","locations":[{"start":{"line":13,"column":23},"end":{"line":13,"column":27}},{"start":{"line":13,"column":31},"end":{"line":13,"column":51}},{"start":{"line":13,"column":56},"end":{"line":15,"column":1}}],"line":13},"4":{"loc":{"start":{"line":14,"column":11},"end":{"line":14,"column":61}},"type":"cond-expr","locations":[{"start":{"line":14,"column":37},"end":{"line":14,"column":40}},{"start":{"line":14,"column":43},"end":{"line":14,"column":61}}],"line":14},"5":{"loc":{"start":{"line":14,"column":12},"end":{"line":14,"column":33}},"type":"binary-expr","locations":[{"start":{"line":14,"column":12},"end":{"line":14,"column":15}},{"start":{"line":14,"column":19},"end":{"line":14,"column":33}}],"line":14},"6":{"loc":{"start":{"line":57,"column":32},"end":{"line":57,"column":62}},"type":"cond-expr","locations":[{"start":{"line":57,"column":48},"end":{"line":57,"column":57}},{"start":{"line":57,"column":60},"end":{"line":57,"column":62}}],"line":57},"7":{"loc":{"start":{"line":57,"column":94},"end":{"line":57,"column":125}},"type":"cond-expr","locations":[{"start":{"line":57,"column":110},"end":{"line":57,"column":120}},{"start":{"line":57,"column":123},"end":{"line":57,"column":125}}],"line":57},"8":{"loc":{"start":{"line":58,"column":4},"end":{"line":212,"column":5}},"type":"switch","locations":[{"start":{"line":59,"column":8},"end":{"line":70,"column":18}},{"start":{"line":71,"column":8},"end":{"line":76,"column":18}},{"start":{"line":77,"column":8},"end":{"line":92,"column":18}},{"start":{"line":93,"column":8},"end":{"line":106,"column":18}},{"start":{"line":107,"column":8},"end":{"line":114,"column":18}},{"start":{"line":115,"column":8},"end":{"line":120,"column":18}},{"start":{"line":121,"column":8},"end":{"line":126,"column":18}},{"start":{"line":127,"column":8},"end":{"line":132,"column":18}},{"start":{"line":133,"column":8},"end":{"line":142,"column":18}},{"start":{"line":143,"column":8},"end":{"line":148,"column":18}},{"start":{"line":149,"column":8},"end":{"line":156,"column":18}},{"start":{"line":157,"column":8},"end":{"line":164,"column":18}},{"start":{"line":165,"column":8},"end":{"line":170,"column":18}},{"start":{"line":171,"column":8},"end":{"line":176,"column":18}},{"start":{"line":177,"column":8},"end":{"line":182,"column":18}},{"start":{"line":183,"column":8},"end":{"line":188,"column":18}},{"start":{"line":189,"column":8},"end":{"line":194,"column":18}},{"start":{"line":195,"column":8},"end":{"line":200,"column":18}},{"start":{"line":201,"column":8},"end":{"line":206,"column":18}},{"start":{"line":207,"column":8},"end":{"line":211,"column":13}}],"line":58},"9":{"loc":{"start":{"line":60,"column":12},"end":{"line":69,"column":13}},"type":"switch","locations":[{"start":{"line":61,"column":16},"end":{"line":62,"column":118}},{"start":{"line":63,"column":16},"end":{"line":64,"column":142}},{"start":{"line":65,"column":16},"end":{"line":66,"column":130}},{"start":{"line":67,"column":16},"end":{"line":68,"column":136}}],"line":60},"10":{"loc":{"start":{"line":72,"column":12},"end":{"line":75,"column":13}},"type":"switch","locations":[{"start":{"line":73,"column":16},"end":{"line":74,"column":100}}],"line":72},"11":{"loc":{"start":{"line":78,"column":12},"end":{"line":91,"column":13}},"type":"switch","locations":[{"start":{"line":79,"column":16},"end":{"line":80,"column":108}},{"start":{"line":81,"column":16},"end":{"line":82,"column":124}},{"start":{"line":83,"column":16},"end":{"line":84,"column":116}},{"start":{"line":85,"column":16},"end":{"line":86,"column":120}},{"start":{"line":87,"column":16},"end":{"line":88,"column":116}},{"start":{"line":89,"column":16},"end":{"line":90,"column":119}}],"line":78},"12":{"loc":{"start":{"line":94,"column":12},"end":{"line":105,"column":13}},"type":"switch","locations":[{"start":{"line":95,"column":16},"end":{"line":96,"column":104}},{"start":{"line":97,"column":16},"end":{"line":98,"column":120}},{"start":{"line":99,"column":16},"end":{"line":100,"column":107}},{"start":{"line":101,"column":16},"end":{"line":102,"column":112}},{"start":{"line":103,"column":16},"end":{"line":104,"column":116}}],"line":94},"13":{"loc":{"start":{"line":108,"column":12},"end":{"line":113,"column":13}},"type":"switch","locations":[{"start":{"line":109,"column":16},"end":{"line":110,"column":114}},{"start":{"line":111,"column":16},"end":{"line":112,"column":126}}],"line":108},"14":{"loc":{"start":{"line":116,"column":12},"end":{"line":119,"column":13}},"type":"switch","locations":[{"start":{"line":117,"column":16},"end":{"line":118,"column":118}}],"line":116},"15":{"loc":{"start":{"line":122,"column":12},"end":{"line":125,"column":13}},"type":"switch","locations":[{"start":{"line":123,"column":16},"end":{"line":124,"column":118}}],"line":122},"16":{"loc":{"start":{"line":128,"column":12},"end":{"line":131,"column":13}},"type":"switch","locations":[{"start":{"line":129,"column":16},"end":{"line":130,"column":122}}],"line":128},"17":{"loc":{"start":{"line":134,"column":12},"end":{"line":141,"column":13}},"type":"switch","locations":[{"start":{"line":135,"column":16},"end":{"line":136,"column":118}},{"start":{"line":137,"column":16},"end":{"line":138,"column":106}},{"start":{"line":139,"column":16},"end":{"line":140,"column":126}}],"line":134},"18":{"loc":{"start":{"line":144,"column":12},"end":{"line":147,"column":13}},"type":"switch","locations":[{"start":{"line":145,"column":16},"end":{"line":146,"column":122}}],"line":144},"19":{"loc":{"start":{"line":150,"column":12},"end":{"line":155,"column":13}},"type":"switch","locations":[{"start":{"line":151,"column":16},"end":{"line":152,"column":108}},{"start":{"line":153,"column":16},"end":{"line":154,"column":114}}],"line":150},"20":{"loc":{"start":{"line":158,"column":12},"end":{"line":163,"column":13}},"type":"switch","locations":[{"start":{"line":159,"column":16},"end":{"line":160,"column":112}},{"start":{"line":161,"column":16},"end":{"line":162,"column":106}}],"line":158},"21":{"loc":{"start":{"line":166,"column":12},"end":{"line":169,"column":13}},"type":"switch","locations":[{"start":{"line":167,"column":16},"end":{"line":168,"column":116}}],"line":166},"22":{"loc":{"start":{"line":172,"column":12},"end":{"line":175,"column":13}},"type":"switch","locations":[{"start":{"line":173,"column":16},"end":{"line":174,"column":114}}],"line":172},"23":{"loc":{"start":{"line":178,"column":12},"end":{"line":181,"column":13}},"type":"switch","locations":[{"start":{"line":179,"column":16},"end":{"line":180,"column":126}}],"line":178},"24":{"loc":{"start":{"line":184,"column":12},"end":{"line":187,"column":13}},"type":"switch","locations":[{"start":{"line":185,"column":16},"end":{"line":186,"column":132}}],"line":184},"25":{"loc":{"start":{"line":190,"column":12},"end":{"line":193,"column":13}},"type":"switch","locations":[{"start":{"line":191,"column":16},"end":{"line":192,"column":128}}],"line":190},"26":{"loc":{"start":{"line":196,"column":12},"end":{"line":199,"column":13}},"type":"switch","locations":[{"start":{"line":197,"column":16},"end":{"line":198,"column":122}}],"line":196},"27":{"loc":{"start":{"line":202,"column":12},"end":{"line":205,"column":13}},"type":"switch","locations":[{"start":{"line":203,"column":16},"end":{"line":204,"column":118}}],"line":202},"28":{"loc":{"start":{"line":208,"column":12},"end":{"line":211,"column":13}},"type":"switch","locations":[{"start":{"line":209,"column":16},"end":{"line":210,"column":114}}],"line":208}},"s":{"0":1,"1":1,"2":0,"3":0,"4":0,"5":0,"6":0,"7":0,"8":0,"9":0,"10":1,"11":1,"12":1,"13":1,"14":1,"15":1,"16":1,"17":1,"18":1,"19":1,"20":1,"21":1,"22":1,"23":1,"24":1,"25":1,"26":1,"27":1,"28":1,"29":1,"30":1,"31":1,"32":1,"33":1,"34":1,"35":1,"36":1,"37":1,"38":1,"39":1,"40":1,"41":1,"42":1,"43":1,"44":1,"45":1,"46":1,"47":1,"48":1,"49":1,"50":1,"51":1,"52":1,"53":1,"54":37,"55":37,"56":37,"57":37,"58":37,"59":2,"60":0,"61":1,"62":1,"63":0,"64":0,"65":1,"66":1,"67":0,"68":7,"69":1,"70":1,"71":1,"72":2,"73":1,"74":1,"75":0,"76":4,"77":1,"78":1,"79":0,"80":1,"81":1,"82":0,"83":3,"84":2,"85":1,"86":0,"87":1,"88":1,"89":0,"90":1,"91":1,"92":0,"93":2,"94":2,"95":0,"96":4,"97":2,"98":1,"99":1,"100":0,"101":1,"102":1,"103":0,"104":2,"105":1,"106":1,"107":0,"108":2,"109":1,"110":1,"111":0,"112":1,"113":1,"114":0,"115":1,"116":1,"117":0,"118":1,"119":1,"120":0,"121":1,"122":1,"123":0,"124":1,"125":1,"126":0,"127":1,"128":1,"129":0,"130":1,"131":1,"132":0,"133":0,"134":0,"135":0},"f":{"0":1,"1":0,"2":1,"3":37},"b":{"0":[1,1,1],"1":[1,0],"2":[0,0],"3":[1,1,1],"4":[0,1],"5":[1,1],"6":[0,37],"7":[3,34],"8":[2,1,7,4,3,1,1,2,4,1,2,2,1,1,1,1,1,1,1,0],"9":[0,1,1,0],"10":[1],"11":[1,1,1,2,1,1],"12":[1,1,0,1,1],"13":[2,1],"14":[1],"15":[1],"16":[2],"17":[2,1,1],"18":[1],"19":[1,1],"20":[1,1],"21":[1],"22":[1],"23":[1],"24":[1],"25":[1],"26":[1],"27":[1],"28":[0]},"_coverageSchema":"43e27e138ebf9cfc5966b082cf9a028302ed4184","hash":"6e533517e107f637e5ba5880cda12200af3ddde1"}
,"/Users/chakkaravarthi/Dev/UMG/umg_lib/lib/cards/cardHelper.js": {"path":"/Users/chakkaravarthi/Dev/UMG/umg_lib/lib/cards/cardHelper.js","statementMap":{"0":{"start":{"line":2,"column":22},"end":{"line":4,"column":1}},"1":{"start":{"line":3,"column":4},"end":{"line":3,"column":62}},"2":{"start":{"line":5,"column":0},"end":{"line":5,"column":26}},"3":{"start":{"line":6,"column":14},"end":{"line":6,"column":47}},"4":{"start":{"line":7,"column":0},"end":{"line":16,"column":2}},"5":{"start":{"line":8,"column":16},"end":{"line":8,"column":59}},"6":{"start":{"line":9,"column":4},"end":{"line":14,"column":5}},"7":{"start":{"line":10,"column":8},"end":{"line":10,"column":48}},"8":{"start":{"line":12,"column":9},"end":{"line":14,"column":5}},"9":{"start":{"line":13,"column":8},"end":{"line":13,"column":18}},"10":{"start":{"line":15,"column":4},"end":{"line":15,"column":123}}},"fnMap":{"0":{"name":"(anonymous_0)","decl":{"start":{"line":2,"column":56},"end":{"line":2,"column":57}},"loc":{"start":{"line":2,"column":71},"end":{"line":4,"column":1}},"line":2},"1":{"name":"(anonymous_1)","decl":{"start":{"line":7,"column":20},"end":{"line":7,"column":21}},"loc":{"start":{"line":7,"column":51},"end":{"line":16,"column":1}},"line":7}},"branchMap":{"0":{"loc":{"start":{"line":2,"column":22},"end":{"line":4,"column":1}},"type":"binary-expr","locations":[{"start":{"line":2,"column":23},"end":{"line":2,"column":27}},{"start":{"line":2,"column":31},"end":{"line":2,"column":51}},{"start":{"line":2,"column":56},"end":{"line":4,"column":1}}],"line":2},"1":{"loc":{"start":{"line":3,"column":11},"end":{"line":3,"column":61}},"type":"cond-expr","locations":[{"start":{"line":3,"column":37},"end":{"line":3,"column":40}},{"start":{"line":3,"column":43},"end":{"line":3,"column":61}}],"line":3},"2":{"loc":{"start":{"line":3,"column":12},"end":{"line":3,"column":33}},"type":"binary-expr","locations":[{"start":{"line":3,"column":12},"end":{"line":3,"column":15}},{"start":{"line":3,"column":19},"end":{"line":3,"column":33}}],"line":3},"3":{"loc":{"start":{"line":9,"column":4},"end":{"line":14,"column":5}},"type":"if","locations":[{"start":{"line":9,"column":4},"end":{"line":14,"column":5}},{"start":{"line":9,"column":4},"end":{"line":14,"column":5}}],"line":9},"4":{"loc":{"start":{"line":9,"column":8},"end":{"line":9,"column":29}},"type":"binary-expr","locations":[{"start":{"line":9,"column":8},"end":{"line":9,"column":12}},{"start":{"line":9,"column":16},"end":{"line":9,"column":29}}],"line":9},"5":{"loc":{"start":{"line":12,"column":9},"end":{"line":14,"column":5}},"type":"if","locations":[{"start":{"line":12,"column":9},"end":{"line":14,"column":5}},{"start":{"line":12,"column":9},"end":{"line":14,"column":5}}],"line":12}},"s":{"0":1,"1":1,"2":1,"3":1,"4":1,"5":0,"6":0,"7":0,"8":0,"9":0,"10":0},"f":{"0":1,"1":0},"b":{"0":[1,1,1],"1":[0,1],"2":[1,1],"3":[0,0],"4":[0,0],"5":[0,0]},"_coverageSchema":"43e27e138ebf9cfc5966b082cf9a028302ed4184","hash":"2ab8581512baaa75f217da42b3c0881011fc5716"}
,"/Users/chakkaravarthi/Dev/UMG/umg_lib/lib/cards/cardImage.js": {"path":"/Users/chakkaravarthi/Dev/UMG/umg_lib/lib/cards/cardImage.js","statementMap":{"0":{"start":{"line":2,"column":22},"end":{"line":4,"column":1}},"1":{"start":{"line":3,"column":4},"end":{"line":3,"column":62}},"2":{"start":{"line":5,"column":0},"end":{"line":5,"column":26}},"3":{"start":{"line":6,"column":14},"end":{"line":6,"column":47}},"4":{"start":{"line":7,"column":15},"end":{"line":7,"column":42}},"5":{"start":{"line":8,"column":0},"end":{"line":10,"column":2}},"6":{"start":{"line":9,"column":4},"end":{"line":9,"column":158}}},"fnMap":{"0":{"name":"(anonymous_0)","decl":{"start":{"line":2,"column":56},"end":{"line":2,"column":57}},"loc":{"start":{"line":2,"column":71},"end":{"line":4,"column":1}},"line":2},"1":{"name":"(anonymous_1)","decl":{"start":{"line":8,"column":20},"end":{"line":8,"column":21}},"loc":{"start":{"line":8,"column":37},"end":{"line":10,"column":1}},"line":8}},"branchMap":{"0":{"loc":{"start":{"line":2,"column":22},"end":{"line":4,"column":1}},"type":"binary-expr","locations":[{"start":{"line":2,"column":23},"end":{"line":2,"column":27}},{"start":{"line":2,"column":31},"end":{"line":2,"column":51}},{"start":{"line":2,"column":56},"end":{"line":4,"column":1}}],"line":2},"1":{"loc":{"start":{"line":3,"column":11},"end":{"line":3,"column":61}},"type":"cond-expr","locations":[{"start":{"line":3,"column":37},"end":{"line":3,"column":40}},{"start":{"line":3,"column":43},"end":{"line":3,"column":61}}],"line":3},"2":{"loc":{"start":{"line":3,"column":12},"end":{"line":3,"column":33}},"type":"binary-expr","locations":[{"start":{"line":3,"column":12},"end":{"line":3,"column":15}},{"start":{"line":3,"column":19},"end":{"line":3,"column":33}}],"line":3}},"s":{"0":1,"1":1,"2":1,"3":1,"4":1,"5":1,"6":0},"f":{"0":1,"1":0},"b":{"0":[1,1,1],"1":[0,1],"2":[1,1]},"_coverageSchema":"43e27e138ebf9cfc5966b082cf9a028302ed4184","hash":"20010fab2654cf953b4566a2db9e47daf72609fb"}
,"/Users/chakkaravarthi/Dev/UMG/umg_lib/lib/cards/cardMap.js": {"path":"/Users/chakkaravarthi/Dev/UMG/umg_lib/lib/cards/cardMap.js","statementMap":{"0":{"start":{"line":2,"column":22},"end":{"line":4,"column":1}},"1":{"start":{"line":3,"column":4},"end":{"line":3,"column":62}},"2":{"start":{"line":5,"column":0},"end":{"line":5,"column":26}},"3":{"start":{"line":6,"column":14},"end":{"line":6,"column":47}},"4":{"start":{"line":7,"column":13},"end":{"line":7,"column":61}},"5":{"start":{"line":8,"column":15},"end":{"line":8,"column":42}},"6":{"start":{"line":9,"column":0},"end":{"line":23,"column":2}},"7":{"start":{"line":10,"column":16},"end":{"line":10,"column":27}},"8":{"start":{"line":10,"column":40},"end":{"line":10,"column":54}},"9":{"start":{"line":10,"column":69},"end":{"line":10,"column":85}},"10":{"start":{"line":10,"column":99},"end":{"line":10,"column":114}},"11":{"start":{"line":10,"column":126},"end":{"line":10,"column":139}},"12":{"start":{"line":10,"column":156},"end":{"line":10,"column":174}},"13":{"start":{"line":11,"column":4},"end":{"line":12,"column":20}},"14":{"start":{"line":12,"column":8},"end":{"line":12,"column":20}},"15":{"start":{"line":13,"column":23},"end":{"line":13,"column":128}},"16":{"start":{"line":14,"column":4},"end":{"line":22,"column":24}}},"fnMap":{"0":{"name":"(anonymous_0)","decl":{"start":{"line":2,"column":56},"end":{"line":2,"column":57}},"loc":{"start":{"line":2,"column":71},"end":{"line":4,"column":1}},"line":2},"1":{"name":"(anonymous_1)","decl":{"start":{"line":9,"column":18},"end":{"line":9,"column":19}},"loc":{"start":{"line":9,"column":35},"end":{"line":23,"column":1}},"line":9}},"branchMap":{"0":{"loc":{"start":{"line":2,"column":22},"end":{"line":4,"column":1}},"type":"binary-expr","locations":[{"start":{"line":2,"column":23},"end":{"line":2,"column":27}},{"start":{"line":2,"column":31},"end":{"line":2,"column":51}},{"start":{"line":2,"column":56},"end":{"line":4,"column":1}}],"line":2},"1":{"loc":{"start":{"line":3,"column":11},"end":{"line":3,"column":61}},"type":"cond-expr","locations":[{"start":{"line":3,"column":37},"end":{"line":3,"column":40}},{"start":{"line":3,"column":43},"end":{"line":3,"column":61}}],"line":3},"2":{"loc":{"start":{"line":3,"column":12},"end":{"line":3,"column":33}},"type":"binary-expr","locations":[{"start":{"line":3,"column":12},"end":{"line":3,"column":15}},{"start":{"line":3,"column":19},"end":{"line":3,"column":33}}],"line":3},"3":{"loc":{"start":{"line":11,"column":4},"end":{"line":12,"column":20}},"type":"if","locations":[{"start":{"line":11,"column":4},"end":{"line":12,"column":20}},{"start":{"line":11,"column":4},"end":{"line":12,"column":20}}],"line":11}},"s":{"0":1,"1":2,"2":1,"3":1,"4":1,"5":1,"6":1,"7":0,"8":0,"9":0,"10":0,"11":0,"12":0,"13":0,"14":0,"15":0,"16":0},"f":{"0":2,"1":0},"b":{"0":[1,1,1],"1":[0,2],"2":[2,2],"3":[0,0]},"_coverageSchema":"43e27e138ebf9cfc5966b082cf9a028302ed4184","hash":"33bea404e68369275b644fd89979172f8e11f61e"}
,"/Users/chakkaravarthi/Dev/UMG/umg_lib/lib/cards/cardsListContainer.js": {"path":"/Users/chakkaravarthi/Dev/UMG/umg_lib/lib/cards/cardsListContainer.js","statementMap":{"0":{"start":{"line":2,"column":22},"end":{"line":4,"column":1}},"1":{"start":{"line":3,"column":4},"end":{"line":3,"column":62}},"2":{"start":{"line":5,"column":0},"end":{"line":5,"column":26}},"3":{"start":{"line":6,"column":14},"end":{"line":6,"column":47}},"4":{"start":{"line":7,"column":13},"end":{"line":7,"column":61}},"5":{"start":{"line":8,"column":31},"end":{"line":8,"column":81}},"6":{"start":{"line":9,"column":0},"end":{"line":19,"column":2}},"7":{"start":{"line":10,"column":16},"end":{"line":10,"column":27}},"8":{"start":{"line":10,"column":40},"end":{"line":10,"column":54}},"9":{"start":{"line":10,"column":68},"end":{"line":10,"column":83}},"10":{"start":{"line":10,"column":98},"end":{"line":10,"column":114}},"11":{"start":{"line":10,"column":133},"end":{"line":10,"column":153}},"12":{"start":{"line":10,"column":160},"end":{"line":10,"column":176}},"13":{"start":{"line":10,"column":191},"end":{"line":10,"column":217}},"14":{"start":{"line":11,"column":4},"end":{"line":18,"column":24}}},"fnMap":{"0":{"name":"(anonymous_0)","decl":{"start":{"line":2,"column":56},"end":{"line":2,"column":57}},"loc":{"start":{"line":2,"column":71},"end":{"line":4,"column":1}},"line":2},"1":{"name":"(anonymous_1)","decl":{"start":{"line":9,"column":29},"end":{"line":9,"column":30}},"loc":{"start":{"line":9,"column":46},"end":{"line":19,"column":1}},"line":9}},"branchMap":{"0":{"loc":{"start":{"line":2,"column":22},"end":{"line":4,"column":1}},"type":"binary-expr","locations":[{"start":{"line":2,"column":23},"end":{"line":2,"column":27}},{"start":{"line":2,"column":31},"end":{"line":2,"column":51}},{"start":{"line":2,"column":56},"end":{"line":4,"column":1}}],"line":2},"1":{"loc":{"start":{"line":3,"column":11},"end":{"line":3,"column":61}},"type":"cond-expr","locations":[{"start":{"line":3,"column":37},"end":{"line":3,"column":40}},{"start":{"line":3,"column":43},"end":{"line":3,"column":61}}],"line":3},"2":{"loc":{"start":{"line":3,"column":12},"end":{"line":3,"column":33}},"type":"binary-expr","locations":[{"start":{"line":3,"column":12},"end":{"line":3,"column":15}},{"start":{"line":3,"column":19},"end":{"line":3,"column":33}}],"line":3},"3":{"loc":{"start":{"line":10,"column":191},"end":{"line":10,"column":217}},"type":"cond-expr","locations":[{"start":{"line":10,"column":207},"end":{"line":10,"column":212}},{"start":{"line":10,"column":215},"end":{"line":10,"column":217}}],"line":10},"4":{"loc":{"start":{"line":14,"column":127},"end":{"line":14,"column":233}},"type":"cond-expr","locations":[{"start":{"line":14,"column":141},"end":{"line":14,"column":146}},{"start":{"line":14,"column":149},"end":{"line":14,"column":233}}],"line":14},"5":{"loc":{"start":{"line":15,"column":16},"end":{"line":17,"column":209}},"type":"cond-expr","locations":[{"start":{"line":15,"column":30},"end":{"line":17,"column":122}},{"start":{"line":17,"column":125},"end":{"line":17,"column":209}}],"line":15},"6":{"loc":{"start":{"line":15,"column":30},"end":{"line":17,"column":122}},"type":"binary-expr","locations":[{"start":{"line":15,"column":30},"end":{"line":15,"column":40}},{"start":{"line":15,"column":45},"end":{"line":17,"column":121}}],"line":15}},"s":{"0":1,"1":3,"2":1,"3":1,"4":1,"5":1,"6":1,"7":0,"8":0,"9":0,"10":0,"11":0,"12":0,"13":0,"14":0},"f":{"0":3,"1":0},"b":{"0":[1,1,1],"1":[1,2],"2":[3,3],"3":[0,0],"4":[0,0],"5":[0,0],"6":[0,0]},"_coverageSchema":"43e27e138ebf9cfc5966b082cf9a028302ed4184","hash":"e7d0fa398244834f6638b72095fd4f767513eb68"}
,"/Users/chakkaravarthi/Dev/UMG/umg_lib/lib/cards/contactMeCard.js": {"path":"/Users/chakkaravarthi/Dev/UMG/umg_lib/lib/cards/contactMeCard.js","statementMap":{"0":{"start":{"line":2,"column":22},"end":{"line":4,"column":1}},"1":{"start":{"line":3,"column":4},"end":{"line":3,"column":62}},"2":{"start":{"line":5,"column":0},"end":{"line":5,"column":26}},"3":{"start":{"line":6,"column":14},"end":{"line":6,"column":47}},"4":{"start":{"line":7,"column":13},"end":{"line":7,"column":61}},"5":{"start":{"line":8,"column":19},"end":{"line":8,"column":54}},"6":{"start":{"line":9,"column":23},"end":{"line":9,"column":62}},"7":{"start":{"line":10,"column":23},"end":{"line":10,"column":62}},"8":{"start":{"line":11,"column":0},"end":{"line":32,"column":2}},"9":{"start":{"line":12,"column":16},"end":{"line":12,"column":27}},"10":{"start":{"line":12,"column":37},"end":{"line":12,"column":48}},"11":{"start":{"line":12,"column":59},"end":{"line":12,"column":71}},"12":{"start":{"line":12,"column":82},"end":{"line":12,"column":94}},"13":{"start":{"line":12,"column":110},"end":{"line":12,"column":127}},"14":{"start":{"line":12,"column":145},"end":{"line":12,"column":164}},"15":{"start":{"line":12,"column":186},"end":{"line":12,"column":209}},"16":{"start":{"line":12,"column":233},"end":{"line":12,"column":258}},"17":{"start":{"line":13,"column":4},"end":{"line":31,"column":253}}},"fnMap":{"0":{"name":"(anonymous_0)","decl":{"start":{"line":2,"column":56},"end":{"line":2,"column":57}},"loc":{"start":{"line":2,"column":71},"end":{"line":4,"column":1}},"line":2},"1":{"name":"(anonymous_1)","decl":{"start":{"line":11,"column":24},"end":{"line":11,"column":25}},"loc":{"start":{"line":11,"column":41},"end":{"line":32,"column":1}},"line":11}},"branchMap":{"0":{"loc":{"start":{"line":2,"column":22},"end":{"line":4,"column":1}},"type":"binary-expr","locations":[{"start":{"line":2,"column":23},"end":{"line":2,"column":27}},{"start":{"line":2,"column":31},"end":{"line":2,"column":51}},{"start":{"line":2,"column":56},"end":{"line":4,"column":1}}],"line":2},"1":{"loc":{"start":{"line":3,"column":11},"end":{"line":3,"column":61}},"type":"cond-expr","locations":[{"start":{"line":3,"column":37},"end":{"line":3,"column":40}},{"start":{"line":3,"column":43},"end":{"line":3,"column":61}}],"line":3},"2":{"loc":{"start":{"line":3,"column":12},"end":{"line":3,"column":33}},"type":"binary-expr","locations":[{"start":{"line":3,"column":12},"end":{"line":3,"column":15}},{"start":{"line":3,"column":19},"end":{"line":3,"column":33}}],"line":3},"3":{"loc":{"start":{"line":17,"column":16},"end":{"line":17,"column":152}},"type":"binary-expr","locations":[{"start":{"line":17,"column":16},"end":{"line":17,"column":29}},{"start":{"line":17,"column":33},"end":{"line":17,"column":44}},{"start":{"line":17,"column":49},"end":{"line":17,"column":151}}],"line":17},"4":{"loc":{"start":{"line":21,"column":20},"end":{"line":21,"column":133}},"type":"binary-expr","locations":[{"start":{"line":21,"column":20},"end":{"line":21,"column":33}},{"start":{"line":21,"column":37},"end":{"line":21,"column":133}}],"line":21},"5":{"loc":{"start":{"line":22,"column":20},"end":{"line":22,"column":154}},"type":"binary-expr","locations":[{"start":{"line":22,"column":20},"end":{"line":22,"column":34}},{"start":{"line":22,"column":38},"end":{"line":22,"column":154}}],"line":22},"6":{"loc":{"start":{"line":25,"column":20},"end":{"line":25,"column":133}},"type":"binary-expr","locations":[{"start":{"line":25,"column":20},"end":{"line":25,"column":33}},{"start":{"line":25,"column":37},"end":{"line":25,"column":133}}],"line":25},"7":{"loc":{"start":{"line":26,"column":20},"end":{"line":26,"column":154}},"type":"binary-expr","locations":[{"start":{"line":26,"column":20},"end":{"line":26,"column":34}},{"start":{"line":26,"column":38},"end":{"line":26,"column":154}}],"line":26},"8":{"loc":{"start":{"line":29,"column":20},"end":{"line":29,"column":143}},"type":"binary-expr","locations":[{"start":{"line":29,"column":20},"end":{"line":29,"column":33}},{"start":{"line":29,"column":37},"end":{"line":29,"column":143}}],"line":29},"9":{"loc":{"start":{"line":30,"column":20},"end":{"line":30,"column":166}},"type":"binary-expr","locations":[{"start":{"line":30,"column":20},"end":{"line":30,"column":34}},{"start":{"line":30,"column":38},"end":{"line":30,"column":166}}],"line":30},"10":{"loc":{"start":{"line":31,"column":12},"end":{"line":31,"column":249}},"type":"binary-expr","locations":[{"start":{"line":31,"column":12},"end":{"line":31,"column":26}},{"start":{"line":31,"column":30},"end":{"line":31,"column":49}},{"start":{"line":31,"column":54},"end":{"line":31,"column":248}}],"line":31}},"s":{"0":1,"1":2,"2":1,"3":1,"4":1,"5":1,"6":1,"7":1,"8":1,"9":0,"10":0,"11":0,"12":0,"13":0,"14":0,"15":0,"16":0,"17":0},"f":{"0":2,"1":0},"b":{"0":[1,1,1],"1":[0,2],"2":[2,2],"3":[0,0,0],"4":[0,0],"5":[0,0],"6":[0,0],"7":[0,0],"8":[0,0],"9":[0,0],"10":[0,0,0]},"_coverageSchema":"43e27e138ebf9cfc5966b082cf9a028302ed4184","hash":"223ff8b0991fa6041746cee8bd6dcf9303592696"}
,"/Users/chakkaravarthi/Dev/UMG/umg_lib/lib/cards/createAppreciationCard.js": {"path":"/Users/chakkaravarthi/Dev/UMG/umg_lib/lib/cards/createAppreciationCard.js","statementMap":{"0":{"start":{"line":2,"column":22},"end":{"line":4,"column":1}},"1":{"start":{"line":3,"column":4},"end":{"line":3,"column":62}},"2":{"start":{"line":5,"column":0},"end":{"line":5,"column":26}},"3":{"start":{"line":6,"column":14},"end":{"line":6,"column":47}},"4":{"start":{"line":7,"column":21},"end":{"line":7,"column":58}},"5":{"start":{"line":8,"column":15},"end":{"line":8,"column":42}},"6":{"start":{"line":9,"column":0},"end":{"line":9,"column":49}},"7":{"start":{"line":10,"column":0},"end":{"line":21,"column":2}},"8":{"start":{"line":11,"column":16},"end":{"line":11,"column":27}},"9":{"start":{"line":11,"column":38},"end":{"line":11,"column":50}},"10":{"start":{"line":11,"column":62},"end":{"line":11,"column":75}},"11":{"start":{"line":12,"column":4},"end":{"line":20,"column":146}}},"fnMap":{"0":{"name":"(anonymous_0)","decl":{"start":{"line":2,"column":56},"end":{"line":2,"column":57}},"loc":{"start":{"line":2,"column":71},"end":{"line":4,"column":1}},"line":2},"1":{"name":"(anonymous_1)","decl":{"start":{"line":10,"column":33},"end":{"line":10,"column":34}},"loc":{"start":{"line":10,"column":50},"end":{"line":21,"column":1}},"line":10}},"branchMap":{"0":{"loc":{"start":{"line":2,"column":22},"end":{"line":4,"column":1}},"type":"binary-expr","locations":[{"start":{"line":2,"column":23},"end":{"line":2,"column":27}},{"start":{"line":2,"column":31},"end":{"line":2,"column":51}},{"start":{"line":2,"column":56},"end":{"line":4,"column":1}}],"line":2},"1":{"loc":{"start":{"line":3,"column":11},"end":{"line":3,"column":61}},"type":"cond-expr","locations":[{"start":{"line":3,"column":37},"end":{"line":3,"column":40}},{"start":{"line":3,"column":43},"end":{"line":3,"column":61}}],"line":3},"2":{"loc":{"start":{"line":3,"column":12},"end":{"line":3,"column":33}},"type":"binary-expr","locations":[{"start":{"line":3,"column":12},"end":{"line":3,"column":15}},{"start":{"line":3,"column":19},"end":{"line":3,"column":33}}],"line":3}},"s":{"0":1,"1":1,"2":1,"3":1,"4":1,"5":1,"6":1,"7":1,"8":0,"9":0,"10":0,"11":0},"f":{"0":1,"1":0},"b":{"0":[1,1,1],"1":[0,1],"2":[1,1]},"_covera
[...]
,"/Users/chakkaravarthi/Dev/UMG/umg_lib/src/quickTools/quickToolsCard.tsx": {"path":"/Users/chakkaravarthi/Dev/UMG/umg_lib/src/quickTools/quickToolsCard.tsx","statementMap":{"0":{"start":{"line":1,"column":0},"end":{"line":1,"column":34}},"1":{"start":{"line":2,"column":0},"end":{"line":2,"column":46}},"2":{"start":{"line":3,"column":0},"end":{"line":3,"column":46}},"3":{"start":{"line":16,"column":13},"end":{"line":31,"column":2}},"4":{"start":{"line":17,"column":10},"end":{"line":17,"column":15}},"5":{"start":{"line":17,"column":17},"end":{"line":17,"column":22}},"6":{"start":{"line":17,"column":24},"end":{"line":17,"column":42}},"7":{"start":{"line":19,"column":2},"end":{"line":30,"column":4}},"8":{"start":{"line":24,"column":54},"end":{"line":28,"column":8}}},"fnMap":{"0":{"name":"(anonymous_1)","decl":{"start":{"line":16,"column":65},"end":{"line":16,"column":70}},"loc":{"start":{"line":16,"column":70},"end":{"line":31,"column":1}}},"1":{"name":"(anonymous_2)","decl":{"start":{"line":24,"column":40},"end":{"line":24,"column":41}},"loc":{"start":{"line":24,"column":49},"end":{"line":24,"column":null}}}},"branchMap":{"0":{"loc":{"start":{"line":17,"column":24},"end":{"line":17,"column":42}},"type":"cond-expr","locations":[{"start":{"line":17,"column":24},"end":{"line":17,"column":42}},{"start":{"line":17,"column":24},"end":{"line":17,"column":42}}]},"1":{"loc":{"start":{"line":22,"column":23},"end":{"line":22,"column":28}},"type":"cond-expr","locations":[{"start":{"line":22,"column":23},"end":{"line":22,"column":28}},{"start":{"line":22,"column":31},"end":{"line":22,"column":55}}]},"2":{"loc":{"start":{"line":24,"column":21},"end":{"line":28,"column":8}},"type":"cond-expr","locations":[{"start":{"line":24,"column":21},"end":{"line":28,"column":8}},{"start":{"line":28,"column":11},"end":{"line":28,"column":23}}]},"3":{"loc":{"start":{"line":24,"column":21},"end":{"line":24,"column":26}},"type":"binary-expr","locations":[{"start":{"line":24,"column":21},"end":{"line":24,"column":26}},{"start":{"line":24,"column":30},"end":{"line":28,"column":8}}]}},"s":{"0":1,"1":1,"2":1,"3":1,"4":4,"5":4,"6":8,"7":4,"8":5},"f":{"0":4,"1":5},"b":{"0":[4,0],"1":[4,0],"2":[4,0],"3":[4,4]}}
,"/Users/chakkaravarthi/Dev/UMG/umg_lib/src/resources/resources.tsx": {"path":"/Users/chakkaravarthi/Dev/UMG/umg_lib/src/resources/resources.tsx","statementMap":{"0":{"start":{"line":1,"column":0},"end":{"line":1,"column":34}},"1":{"start":{"line":2,"column":0},"end":{"line":2,"column":46}},"2":{"start":{"line":3,"column":0},"end":{"line":3,"column":43}},"3":{"start":{"line":5,"column":0},"end":{"line":5,"column":42}},"4":{"start":{"line":7,"column":13},"end":{"line":33,"column":2}},"5":{"start":{"line":8,"column":10},"end":{"line":8,"column":25}},"6":{"start":{"line":8,"column":27},"end":{"line":8,"column":39}},"7":{"start":{"line":8,"column":41},"end":{"line":8,"column":50}},"8":{"start":{"line":8,"column":52},"end":{"line":8,"column":73}},"9":{"start":{"line":10,"column":2},"end":{"line":32,"column":4}}},"fnMap":{"0":{"name":"(anonymous_1)","decl":{"start":{"line":7,"column":47},"end":{"line":7,"column":52}},"loc":{"start":{"line":7,"column":52},"end":{"line":33,"column":1}}}},"branchMap":{"0":{"loc":{"start":{"line":8,"column":10},"end":{"line":8,"column":25}},"type":"cond-expr","locations":[{"start":{"line":8,"column":10},"end":{"line":8,"column":25}},{"start":{"line":8,"column":10},"end":{"line":8,"column":25}}]},"1":{"loc":{"start":{"line":8,"column":52},"end":{"line":8,"column":73}},"type":"cond-expr","locations":[{"start":{"line":8,"column":52},"end":{"line":8,"column":73}},{"start":{"line":8,"column":52},"end":{"line":8,"column":73}}]},"2":{"loc":{"start":{"line":12,"column":7},"end":{"line":12,"column":15}},"type":"binary-expr","locations":[{"start":{"line":12,"column":7},"end":{"line":12,"column":15}},{"start":{"line":13,"column":8},"end":{"line":28,"column":null}}]},"3":{"loc":{"start":{"line":19,"column":15},"end":{"line":19,"column":24}},"type":"binary-expr","locations":[{"start":{"line":19,"column":15},"end":{"line":19,"column":24}},{"start":{"line":20,"column":16},"end":{"line":21,"column":null}}]},"4":{"loc":{"start":{"line":24,"column":15},"end":{"line":24,"column":23}},"type":"binary-expr","locations":[{"start":{"line":24,"column":15},"end":{"line":24,"column":23}},{"start":{"line":25,"column":16},"end":{"line":25,"column":68}}]}},"s":{"0":1,"1":1,"2":1,"3":1,"4":1,"5":2,"6":1,"7":1,"8":2,"9":1},"f":{"0":1},"b":{"0":[0,1],"1":[1,0],"2":[1,1],"3":[1,0],"4":[1,1]}}
,"/Users/chakkaravarthi/Dev/UMG/umg_lib/src/search/autoSuggest.tsx": {"path":"/Users/chakkaravarthi/Dev/UMG/umg_lib/src/search/autoSuggest.tsx","statementMap":{"0":{"start":{"line":1,"column":0},"end":{"line":1,"column":69}},"1":{"start":{"line":2,"column":0},"end":{"line":2,"column":116}},"2":{"start":{"line":3,"column":0},"end":{"line":3,"column":42}},"3":{"start":{"line":5,"column":0},"end":{"line":5,"column":32}},"4":{"start":{"line":6,"column":0},"end":{"line":6,"column":123}},"5":{"start":{"line":37,"column":26},"end":{"line":37,"column":78}},"6":{"start":{"line":39,"column":13},"end":{"line":160,"column":2}},"7":{"start":{"line":40,"column":8},"end":{"line":40,"column":9}},"8":{"start":{"line":40,"column":9},"end":{"line":40,"column":14}},"9":{"start":{"line":40,"column":16},"end":{"line":40,"column":48}},"10":{"start":{"line":41,"column":8},"end":{"line":41,"column":9}},"11":{"start":{"line":41,"column":9},"end":{"line":41,"column":24}},"12":{"start":{"line":41,"column":26},"end":{"line":41,"column":68}},"13":{"start":{"line":43,"column":29},"end":{"line":47,"column":3}},"14":{"start":{"line":44,"column":18},"end":{"line":44,"column":33}},"15":{"start":{"line":45,"column":4},"end":{"line":45,"column":59}},"16":{"start":{"line":46,"column":4},"end":{"line":46,"column":28}},"17":{"start":{"line":49,"column":27},"end":{"line":53,"column":3}},"18":{"start":{"line":50,"column":4},"end":{"line":52,"column":6}},"19":{"start":{"line":55,"column":30},"end":{"line":57,"column":3}},"20":{"start":{"line":56,"column":4},"end":{"line":56,"column":37}},"21":{"start":{"line":59,"column":20},"end":{"line":63,"column":3}},"22":{"start":{"line":60,"column":4},"end":{"line":60,"column":43}},"23":{"start":{"line":61,"column":4},"end":{"line":61,"column":80}},"24":{"start":{"line":62,"column":4},"end":{"line":62,"column":39}},"25":{"start":{"line":65,"column":2},"end":{"line":73,"column":30}},"26":{"start":{"line":66,"column":4},"end":{"line":72,"column":null}},"27":{"start":{"line":67,"column":6},"end":{"line":67,"column":38}},"28":{"start":{"line":68,"column":6},"end":{"line":68,"column":27}},"29":{"start":{"line":70,"column":6},"end":{"line":70,"column":19}},"30":{"start":{"line":71,"column":6},"end":{"line":71,"column":28}},"31":{"start":{"line":75,"column":32},"end":{"line":77,"column":3}},"32":{"start":{"line":76,"column":4},"end":{"line":76,"column":54}},"33":{"start":{"line":81,"column":38},"end":{"line":83,"column":3}},"34":{"start":{"line":82,"column":4},"end":{"line":82,"column":45}},"35":{"start":{"line":85,"column":21},"end":{"line":89,"column":4}},"36":{"start":{"line":91,"column":34},"end":{"line":93,"column":3}},"37":{"start":{"line":92,"column":4},"end":{"line":92,"column":68}},"38":{"start":{"line":95,"column":38},"end":{"line":97,"column":3}},"39":{"start":{"line":96,"column":4},"end":{"line":96,"column":77}},"40":{"start":{"line":99,"column":26},"end":{"line":102,"column":3}},"41":{"start":{"line":100,"column":4},"end":{"line":100,"column":17}},"42":{"start":{"line":101,"column":4},"end":{"line":101,"column":26}},"43":{"start":{"line":104,"column":10},"end":{"line":104,"column":35}},"44":{"start":{"line":106,"column":2},"end":{"line":159,"column":4}}},"fnMap":{"0":{"name":"(anonymous_2)","decl":{"start":{"line":39,"column":47},"end":{"line":39,"column":52}},"loc":{"start":{"line":39,"column":52},"end":{"line":160,"column":1}}},"1":{"name":"(anonymous_3)","decl":{"start":{"line":43,"column":29},"end":{"line":43,"column":30}},"loc":{"start":{"line":43,"column":55},"end":{"line":47,"column":3}}},"2":{"name":"(anonymous_4)","decl":{"start":{"line":49,"column":27},"end":{"line":49,"column":28}},"loc":{"start":{"line":49,"column":53},"end":{"line":53,"column":3}}},"3":{"name":"(anonymous_5)","decl":{"start":{"line":55,"column":30},"end":{"line":55,"column":31}},"loc":{"start":{"line":55,"column":44},"end":{"line":57,"column":3}}},"4":{"name":"(anonymous_6)","decl":{"start":{"line":59,"column":20},"end":{"line":59,"column":21}},"loc":{"start":{"line":59,"column":84},"end":{"line":63,"column":3}}},"5":{"name":"(anonymous_7)","decl":{"start":{"line":65,"column":12},"end":{"line":65,"column":null}},"loc":{"start":{"line":65,"column":12},"end":{"line":73,"column":3}}},"6":{"name":"(anonymous_8)","decl":{"start":{"line":75,"column":32},"end":{"line":75,"column":33}},"loc":{"start":{"line":75,"column":128},"end":{"line":77,"column":3}}},"7":{"name":"(anonymous_9)","decl":{"start":{"line":81,"column":38},"end":{"line":81,"column":39}},"loc":{"start":{"line":81,"column":84},"end":{"line":83,"column":3}}},"8":{"name":"(anonymous_10)","decl":{"start":{"line":91,"column":34},"end":{"line":91,"column":35}},"loc":{"start":{"line":91,"column":48},"end":{"line":93,"column":3}}},"9":{"name":"(anonymous_11)","decl":{"start":{"line":95,"column":38},"end":{"line":95,"column":null}},"loc":{"start":{"line":95,"column":38},"end":{"line":97,"column":3}}},"10":{"name":"(anonymous_12)","decl":{"start":{"line":99,"column":26},"end":{"line":99,"column":null}},"loc":{"start":{"line":99,"column":26},"end":{"line":102,"column":3}}}},"branchMap":{"0":{"loc":{"start":{"line":61,"column":35},"end":{"line":61,"column":55}},"type":"cond-expr","locations":[{"start":{"line":61,"column":35},"end":{"line":61,"column":55}},{"start":{"line":61,"column":58},"end":{"line":61,"column":79}}]},"1":{"loc":{"start":{"line":66,"column":4},"end":{"line":72,"column":null}},"type":"if","locations":[{"start":{"line":66,"column":4},"end":{"line":72,"column":null}},{"start":{"line":66,"column":4},"end":{"line":72,"column":null}}]},"2":{"loc":{"start":{"line":96,"column":4},"end":{"line":96,"column":37}},"type":"binary-expr","locations":[{"start":{"line":96,"column":4},"end":{"line":96,"column":37}},{"start":{"line":96,"column":41},"end":{"line":96,"column":76}}]},"3":{"loc":{"start":{"line":104,"column":10},"end":{"line":104,"column":35}},"type":"cond-expr","locations":[{"start":{"line":104,"column":10},"end":{"line":104,"column":35}},{"start":{"line":104,"column":10},"end":{"line":104,"column":35}}]},"4":{"loc":{"start":{"line":109,"column":40},"end":{"line":109,"column":59}},"type":"cond-expr","locations":[{"start":{"line":109,"column":40},"end":{"line":109,"column":59}},{"start":{"line":109,"column":62},"end":{"line":109,"column":81}}]},"5":{"loc":{"start":{"line":113,"column":10},"end":{"line":113,"column":28}},"type":"binary-expr","locations":[{"start":{"line":113,"column":10},"end":{"line":113,"column":28}},{"start":{"line":113,"column":32},"end":{"line":119,"column":null}}]},"6":{"loc":{"start":{"line":132,"column":47},"end":{"line":132,"column":49}},"type":"cond-expr","locations":[{"start":{"line":132,"column":47},"end":{"line":132,"column":49}},{"start":{"line":132,"column":52},"end":{"line":132,"column":60}}]},"7":{"loc":{"start":{"line":134,"column":12},"end":{"line":134,"column":27}},"type":"binary-expr","locations":[{"start":{"line":134,"column":12},"end":{"line":134,"column":27}},{"start":{"line":135,"column":14},"end":{"line":143,"column":null}}]},"8":{"loc":{"start":{"line":149,"column":10},"end":{"line":149,"column":27}},"type":"binary-expr","locations":[{"start":{"line":149,"column":10},"end":{"line":149,"column":27}},{"start":{"line":149,"column":31},"end":{"line":155,"column":null}}]}},"s":{"0":1,"1":1,"2":1,"3":1,"4":1,"5":1,"6":1,"7":2,"8":2,"9":2,"10":2,"11":2,"12":2,"13":2,"14":0,"15":0,"16":0,"17":2,"18":0,"19":2,"20":0,"21":2,"22":0,"23":0,"24":0,"25":2,"26":0,"27":0,"28":0,"29":0,"30":0,"31":2,"32":0,"33":2,"34":0,"35":2,"36":2,"37":0,"38":2,"39":0,"40":2,"41":0,"42":0,"43":4,"44":2},"f":{"0":2,"1":0,"2":0,"3":0,"4":0,"5":0,"6":0,"7":0,"8":0,"9":0,"10":0},"b":{"0":[0,0],"1":[0,0],"2":[0,0],"3":[1,1],"4":[1,1],"5":[2,1],"6":[1,1],"7":[2,0],"8":[2,1]}}
,"/Users/chakkaravarthi/Dev/UMG/umg_lib/src/search/searchbar.tsx": {"path":"/Users/chakkaravarthi/Dev/UMG/umg_lib/src/search/searchbar.tsx","statementMap":{"0":{"start":{"line":1,"column":0},"end":{"line":1,"column":34}},"1":{"start":{"line":2,"column":0},"end":{"line":2,"column":109}},"2":{"start":{"line":3,"column":0},"end":{"line":3,"column":32}},"3":{"start":{"line":4,"column":0},"end":{"line":4,"column":42}},"4":{"start":{"line":12,"column":13},"end":{"line":30,"column":2}},"5":{"start":{"line":13,"column":2},"end":{"line":29,"column":4}}},"fnMap":{"0":{"name":"(anonymous_1)","decl":{"start":{"line":12,"column":45},"end":{"line":12,"column":50}},"loc":{"start":{"line":12,"column":50},"end":{"line":30,"column":1}}}},"branchMap":{},"s":{"0":1,"1":1,"2":1,"3":1,"4":1,"5":1},"f":{"0":1},"b":{}}
,"/Users/chakkaravarthi/Dev/UMG/umg_lib/src/seeds/OrgChart.model.ts": {"path":"/Users/chakkaravarthi/Dev/UMG/umg_lib/src/seeds/OrgChart.model.ts","statementMap":{"0":{"start":{"line":13,"column":13},"end":{"line":16,"column":2}},"1":{"start":{"line":18,"column":13},"end":{"line":20,"column":2}},"2":{"start":{"line":22,"column":13},"end":{"line":27,"column":2}}},"fnMap":{},"branchMap":{},"s":{"0":1,"1":1,"2":1},"f":{},"b":{}}
,"/Users/chakkaravarthi/Dev/UMG/umg_lib/src/services/testHelper.tsx": {"path":"/Users/chakkaravarthi/Dev/UMG/umg_lib/src/services/testHelper.tsx","statementMap":{"0":{"start":{"line":4,"column":0},"end":{"line":4,"column":58}},"1":{"start":{"line":6,"column":13},"end":{"line":10,"column":2}},"2":{"start":{"line":7,"column":19},"end":{"line":7,"column":51}},"3":{"start":{"line":8,"column":2},"end":{"line":8,"column":28}},"4":{"start":{"line":9,"column":2},"end":{"line":9,"column":36}}},"fnMap":{"0":{"name":"(anonymous_1)","decl":{"start":{"line":6,"column":29},"end":{"line":6,"column":30}},"loc":{"start":{"line":6,"column":43},"end":{"line":10,"column":1}}}},"branchMap":{},"s":{"0":12,"1":12,"2":88,"3":88,"4":88},"f":{"0":88},"b":{}}
,"/Users/chakkaravarthi/Dev/UMG/umg_lib/src/transitions/menuSlide.tsx": {"path":"/Users/chakkaravarthi/Dev/UMG/umg_lib/src/transitions/menuSlide.tsx","statementMap":{"0":{"start":{"line":1,"column":0},"end":{"line":1,"column":34}},"1":{"start":{"line":2,"column":0},"end":{"line":2,"column":55}},"2":{"start":{"line":4,"column":0},"end":{"line":4,"column":38}},"3":{"start":{"line":10,"column":13},"end":{"line":21,"column":2}},"4":{"start":{"line":11,"column":2},"end":{"line":20,"column":4}}},"fnMap":{"0":{"name":"(anonymous_1)","decl":{"start":{"line":10,"column":65},"end":{"line":10,"column":70}},"loc":{"start":{"line":10,"column":70},"end":{"line":21,"column":1}}}},"branchMap":{},"s":{"0":1,"1":1,"2":1,"3":1,"4":1},"f":{"0":1},"b":{}}
,"/Users/chakkaravarthi/Dev/UMG/umg_lib/src/userProfileforms/contactMeForm.tsx": {"path":"/Users/chakkaravarthi/Dev/UMG/umg_lib/src/userProfileforms/contactMeForm.tsx","statementMap":{"0":{"start":{"line":1,"column":0},"end":{"line":1,"column":34}},"1":{"start":{"line":2,"column":0},"end":{"line":2,"column":44}},"2":{"start":{"line":3,"column":0},"end":{"line":3,"column":48}},"3":{"start":{"line":5,"column":0},"end":{"line":5,"column":62}},"4":{"start":{"line":6,"column":0},"end":{"line":6,"column":60}},"5":{"start":{"line":7,"column":0},"end":{"line":7,"column":58}},"6":{"start":{"line":9,"column":13},"end":{"line":62,"column":2}},"7":{"start":{"line":11,"column":4},"end":{"line":11,"column":9}},"8":{"start":{"line":12,"column":4},"end":{"line":12,"column":16}},"9":{"start":{"line":13,"column":4},"end":{"line":13,"column":14}},"10":{"start":{"line":14,"column":4},"end":{"line":14,"column":16}},"11":{"start":{"line":15,"column":4},"end":{"line":15,"column":16}},"12":{"start":{"line":16,"column":4},"end":{"line":16,"column":25}},"13":{"start":{"line":19,"column":2},"end":{"line":61,"column":4}}},"fnMap":{"0":{"name":"(anonymous_1)","decl":{"start":{"line":9,"column":57},"end":{"line":9,"column":62}},"loc":{"start":{"line":9,"column":62},"end":{"line":62,"column":1}}}},"branchMap":{},"s":{"0":1,"1":1,"2":1,"3":1,"4":1,"5":1,"6":1,"7":1,"8":1,"9":1,"10":1,"11":1,"12":1,"13":1},"f":{"0":1},"b":{}}
,"/Users/chakkaravarthi/Dev/UMG/umg_lib/src/userProfileforms/getToKnowMeForm.tsx": {"path":"/Users/chakkaravarthi/Dev/UMG/umg_lib/src/userProfileforms/getToKnowMeForm.tsx","statementMap":{"0":{"start":{"line":1,"column":0},"end":{"line":1,"column":34}},"1":{"start":{"line":2,"column":0},"end":{"line":2,"column":44}},"2":{"start":{"line":4,"column":0},"end":{"line":4,"column":48}},"3":{"start":{"line":5,"column":0},"end":{"line":5,"column":50}},"4":{"start":{"line":6,"column":0},"end":{"line":6,"column":60}},"5":{"start":{"line":7,"column":0},"end":{"line":7,"column":58}},"6":{"start":{"line":8,"column":0},"end":{"line":8,"column":62}},"7":{"start":{"line":9,"column":0},"end":{"line":9,"column":32}},"8":{"start":{"line":20,"column":13},"end":{"line":180,"column":2}},"9":{"start":{"line":22,"column":4},"end":{"line":22,"column":9}},"10":{"start":{"line":23,"column":4},"end":{"line":23,"column":12}},"11":{"start":{"line":24,"column":4},"end":{"line":24,"column":19}},"12":{"start":{"line":25,"column":4},"end":{"line":25,"column":22}},"13":{"start":{"line":26,"column":4},"end":{"line":26,"column":20}},"14":{"start":{"line":27,"column":4},"end":{"line":27,"column":11}},"15":{"start":{"line":28,"column":4},"end":{"line":28,"column":14}},"16":{"start":{"line":29,"column":4},"end":{"line":29,"column":16}},"17":{"start":{"line":30,"column":4},"end":{"line":30,"column":16}},"18":{"start":{"line":31,"column":4},"end":{"line":31,"column":12}},"19":{"start":{"line":32,"column":4},"end":{"line":32,"column":14}},"20":{"start":{"line":33,"column":4},"end":{"line":33,"column":18}},"21":{"start":{"line":34,"column":4},"end":{"line":34,"column":20}},"22":{"start":{"line":35,"column":4},"end":{"line":35,"column":20}},"23":{"start":{"line":36,"column":4},"end":{"line":36,"column":25}},"24":{"start":{"line":39,"column":16},"end":{"line":39,"column":193}},"25":{"start":{"line":40,"column":17},"end":{"line":40,"column":139}},"26":{"start":{"line":41,"column":24},"end":{"line":41,"column":69}},"27":{"start":{"line":42,"column":2},"end":{"line":179,"column":4}},"28":{"start":{"line":69,"column":18},"end":{"line":69,"column":76}},"29":{"start":{"line":79,"column":18},"end":{"line":79,"column":73}},"30":{"start":{"line":90,"column":18},"end":{"line":90,"column":76}},"31":{"start":{"line":100,"column":18},"end":{"line":100,"column":73}}},"fnMap":{"0":{"name":"(anonymous_1)","decl":{"start":{"line":20,"column":57},"end":{"line":20,"column":62}},"loc":{"start":{"line":20,"column":62},"end":{"line":180,"column":1}}},"1":{"name":"(anonymous_2)","decl":{"start":{"line":68,"column":29},"end":{"line":68,"column":30}},"loc":{"start":{"line":68,"column":35},"end":{"line":70,"column":17}}},"2":{"name":"(anonymous_3)","decl":{"start":{"line":78,"column":28},"end":{"line":78,"column":29}},"loc":{"start":{"line":78,"column":33},"end":{"line":80,"column":17}}},"3":{"name":"(anonymous_4)","decl":{"start":{"line":89,"column":29},"end":{"line":89,"column":30}},"loc":{"start":{"line":89,"column":35},"end":{"line":91,"column":17}}},"4":{"name":"(anonymous_5)","decl":{"start":{"line":99,"column":28},"end":{"line":99,"column":29}},"loc":{"start":{"line":99,"column":33},"end":{"line":101,"column":17}}}},"branchMap":{},"s":{"0":1,"1":1,"2":1,"3":1,"4":1,"5":1,"6":1,"7":1,"8":1,"9":1,"10":1,"11":1,"12":1,"13":1,"14":1,"15":1,"16":1,"17":1,"18":1,"19":1,"20":1,"21":1,"22":1,"23":1,"24":1,"25":1,"26":1,"27":1,"28":12,"29":31,"30":12,"31":31},"f":{"0":1,"1":12,"2":31,"3":12,"4":31},"b":{}}
}
